cabal: Entering directory '/var/folders/cp/z1sxk2ts4sjbh8xd7ddmbfmm0000gn/T/cabal-tmp-3207/base-orphans-0.5.4'
Configuring base-orphans-0.5.4...
Building base-orphans-0.5.4...
Preprocessing library base-orphans-0.5.4...
[1 of 2] Compiling Data.Orphans.Prelude ( src/Data/Orphans/Prelude.hs, dist/build/Data/Orphans/Prelude.o )
[2 of 2] Compiling Data.Orphans     ( src/Data/Orphans.hs, dist/build/Data/Orphans.o )
[1 of 2] Compiling Data.Orphans.Prelude ( src/Data/Orphans/Prelude.hs, dist/build/Data/Orphans/Prelude.p_o )
[2 of 2] Compiling Data.Orphans     ( src/Data/Orphans.hs, dist/build/Data/Orphans.p_o )
Running Haddock for base-orphans-0.5.4...
Preprocessing library base-orphans-0.5.4...
Haddock coverage:
 100% (  1 /  1) in 'Data.Orphans.Prelude'
 100% (  1 /  1) in 'Data.Orphans'
Documentation created: dist/doc/html/base-orphans/index.html
Creating package registration file:
/var/folders/cp/z1sxk2ts4sjbh8xd7ddmbfmm0000gn/T/pkgConf-base-orphans-0.5571540977194847408.4
Installing library in
/Users/Cypher/Library/Haskell/ghc-8.0.1-x86_64/lib/base-orphans-0.5.4
Registering base-orphans-0.5.4...
cabal: Leaving directory '/var/folders/cp/z1sxk2ts4sjbh8xd7ddmbfmm0000gn/T/cabal-tmp-3207/base-orphans-0.5.4'
