cabal: Entering directory '/var/folders/cp/z1sxk2ts4sjbh8xd7ddmbfmm0000gn/T/cabal-tmp-10733/binary-0.8.4.1'
Configuring binary-0.8.4.1...
Building binary-0.8.4.1...
Preprocessing library binary-0.8.4.1...
[1 of 9] Compiling Data.Binary.FloatCast ( src/Data/Binary/FloatCast.hs, dist/build/Data/Binary/FloatCast.o )
[2 of 9] Compiling Data.Binary.Internal ( src/Data/Binary/Internal.hs, dist/build/Data/Binary/Internal.o )
[3 of 9] Compiling Data.Binary.Builder ( src/Data/Binary/Builder.hs, dist/build/Data/Binary/Builder.o )
[4 of 9] Compiling Data.Binary.Get.Internal ( src/Data/Binary/Get/Internal.hs, dist/build/Data/Binary/Get/Internal.o )
[5 of 9] Compiling Data.Binary.Get  ( src/Data/Binary/Get.hs, dist/build/Data/Binary/Get.o )
[6 of 9] Compiling Data.Binary.Put  ( src/Data/Binary/Put.hs, dist/build/Data/Binary/Put.o )
[7 of 9] Compiling Data.Binary.Class ( src/Data/Binary/Class.hs, dist/build/Data/Binary/Class.o )
[8 of 9] Compiling Data.Binary.Generic ( src/Data/Binary/Generic.hs, dist/build/Data/Binary/Generic.o )
[9 of 9] Compiling Data.Binary      ( src/Data/Binary.hs, dist/build/Data/Binary.o )
[1 of 9] Compiling Data.Binary.FloatCast ( src/Data/Binary/FloatCast.hs, dist/build/Data/Binary/FloatCast.p_o )
[2 of 9] Compiling Data.Binary.Internal ( src/Data/Binary/Internal.hs, dist/build/Data/Binary/Internal.p_o )
[3 of 9] Compiling Data.Binary.Builder ( src/Data/Binary/Builder.hs, dist/build/Data/Binary/Builder.p_o )
[4 of 9] Compiling Data.Binary.Get.Internal ( src/Data/Binary/Get/Internal.hs, dist/build/Data/Binary/Get/Internal.p_o )
[5 of 9] Compiling Data.Binary.Get  ( src/Data/Binary/Get.hs, dist/build/Data/Binary/Get.p_o )
[6 of 9] Compiling Data.Binary.Put  ( src/Data/Binary/Put.hs, dist/build/Data/Binary/Put.p_o )
[7 of 9] Compiling Data.Binary.Class ( src/Data/Binary/Class.hs, dist/build/Data/Binary/Class.p_o )
[8 of 9] Compiling Data.Binary.Generic ( src/Data/Binary/Generic.hs, dist/build/Data/Binary/Generic.p_o )
[9 of 9] Compiling Data.Binary      ( src/Data/Binary.hs, dist/build/Data/Binary.p_o )
Running Haddock for binary-0.8.4.1...
Preprocessing library binary-0.8.4.1...
Haddock coverage:
 100% (  5 /  5) in 'Data.Binary.FloatCast'
  50% (  1 /  2) in 'Data.Binary.Internal'
  Missing documentation for:
    Module header
 100% ( 40 / 40) in 'Data.Binary.Builder'
  79% ( 22 / 28) in 'Data.Binary.Get.Internal'
  Missing documentation for:
    Module header
    Get (src/Data/Binary/Get/Internal.hs:84)
    runCont (src/Data/Binary/Get/Internal.hs:84)
    withInputChunks (src/Data/Binary/Get/Internal.hs:229)
    Consume (src/Data/Binary/Get/Internal.hs:227)
    failOnEOF (src/Data/Binary/Get/Internal.hs:242)
  99% ( 70 / 71) in 'Data.Binary.Get'
  Missing documentation for:
    Get (src/Data/Binary/Get/Internal.hs:84)
  98% ( 47 / 48) in 'Data.Binary.Put'
  Missing documentation for:
    putBuilder (src/Data/Binary/Put.hs:180)
  67% (  4 /  6) in 'Data.Binary.Class'
  Missing documentation for:
    GBinaryGet (src/Data/Binary/Class.hs:118)
    GBinaryPut (src/Data/Binary/Class.hs:115)
 100% (  1 /  1) in 'Data.Binary.Generic'
  88% ( 21 / 24) in 'Data.Binary'
  Missing documentation for:
    GBinaryGet (src/Data/Binary/Class.hs:118)
    GBinaryPut (src/Data/Binary/Class.hs:115)
    Get (src/Data/Binary/Get/Internal.hs:84)
Warning: Data.Binary.Get.Internal: could not find link destinations for:
    Success
Warning: Data.Binary.Put: could not find link destinations for:
    PairS
Documentation created: dist/doc/html/binary/index.html
Creating package registration file:
/var/folders/cp/z1sxk2ts4sjbh8xd7ddmbfmm0000gn/T/pkgConf-binary-0.8.4178448449274243042.1
Installing library in
/Users/Cypher/Library/Haskell/ghc-8.0.1-x86_64/lib/binary-0.8.4.1
Registering binary-0.8.4.1...
cabal: Leaving directory '/var/folders/cp/z1sxk2ts4sjbh8xd7ddmbfmm0000gn/T/cabal-tmp-10733/binary-0.8.4.1'
