cabal: Entering directory '/var/folders/cp/z1sxk2ts4sjbh8xd7ddmbfmm0000gn/T/cabal-tmp-10733/bmp-1.2.6.1'
Configuring bmp-1.2.6.1...
Building bmp-1.2.6.1...
Preprocessing library bmp-1.2.6.1...
[ 1 of 12] Compiling Codec.BMP.CIEXYZ ( Codec/BMP/CIEXYZ.hs, dist/build/Codec/BMP/CIEXYZ.o )

Codec/BMP/CIEXYZ.hs:3:1: warning: [-Wtabs]
    Tab character found here, and in 14 further locations.
    Please use spaces instead.
[ 2 of 12] Compiling Codec.BMP.Compression ( Codec/BMP/Compression.hs, dist/build/Codec/BMP/Compression.o )
[ 3 of 12] Compiling Codec.BMP.Error  ( Codec/BMP/Error.hs, dist/build/Codec/BMP/Error.o )

Codec/BMP/Error.hs:3:1: warning: [-Wtabs]
    Tab character found here, and in 10 further locations.
    Please use spaces instead.
[ 4 of 12] Compiling Codec.BMP.BitmapInfoV3 ( Codec/BMP/BitmapInfoV3.hs, dist/build/Codec/BMP/BitmapInfoV3.o )

Codec/BMP/BitmapInfoV3.hs:3:1: warning: [-Wtabs]
    Tab character found here, and in 154 further locations.
    Please use spaces instead.
[ 5 of 12] Compiling Codec.BMP.FileHeader ( Codec/BMP/FileHeader.hs, dist/build/Codec/BMP/FileHeader.o )

Codec/BMP/FileHeader.hs:3:1: warning: [-Wtabs]
    Tab character found here, and in 82 further locations.
    Please use spaces instead.
[ 6 of 12] Compiling Codec.BMP.BitmapInfoV4 ( Codec/BMP/BitmapInfoV4.hs, dist/build/Codec/BMP/BitmapInfoV4.o )

Codec/BMP/BitmapInfoV4.hs:3:1: warning: [-Wtabs]
    Tab character found here, and in 168 further locations.
    Please use spaces instead.
[ 7 of 12] Compiling Codec.BMP.BitmapInfoV5 ( Codec/BMP/BitmapInfoV5.hs, dist/build/Codec/BMP/BitmapInfoV5.o )

Codec/BMP/BitmapInfoV5.hs:3:1: warning: [-Wtabs]
    Tab character found here, and in 80 further locations.
    Please use spaces instead.
[ 8 of 12] Compiling Codec.BMP.BitmapInfo ( Codec/BMP/BitmapInfo.hs, dist/build/Codec/BMP/BitmapInfo.o )

Codec/BMP/BitmapInfo.hs:3:1: warning: [-Wtabs]
    Tab character found here, and in 26 further locations.
    Please use spaces instead.
[ 9 of 12] Compiling Codec.BMP.Base   ( Codec/BMP/Base.hs, dist/build/Codec/BMP/Base.o )

Codec/BMP/Base.hs:3:1: warning: [-Wtabs]
    Tab character found here, and in 11 further locations.
    Please use spaces instead.
[10 of 12] Compiling Codec.BMP.Unpack ( Codec/BMP/Unpack.hs, dist/build/Codec/BMP/Unpack.o )

Codec/BMP/Unpack.hs:3:1: warning: [-Wtabs]
    Tab character found here, and in 143 further locations.
    Please use spaces instead.
[11 of 12] Compiling Codec.BMP.Pack   ( Codec/BMP/Pack.hs, dist/build/Codec/BMP/Pack.o )

Codec/BMP/Pack.hs:17:23: warning: [-Wtabs]
    Tab character found here, and in 245 further locations.
    Please use spaces instead.
[12 of 12] Compiling Codec.BMP        ( Codec/BMP.hs, dist/build/Codec/BMP.o )

Codec/BMP.hs:40:1: warning: [-Wtabs]
    Tab character found here, and in 105 further locations.
    Please use spaces instead.
[ 1 of 12] Compiling Codec.BMP.CIEXYZ ( Codec/BMP/CIEXYZ.hs, dist/build/Codec/BMP/CIEXYZ.p_o )

Codec/BMP/CIEXYZ.hs:3:1: warning: [-Wtabs]
    Tab character found here, and in 14 further locations.
    Please use spaces instead.
[ 2 of 12] Compiling Codec.BMP.Compression ( Codec/BMP/Compression.hs, dist/build/Codec/BMP/Compression.p_o )
[ 3 of 12] Compiling Codec.BMP.Error  ( Codec/BMP/Error.hs, dist/build/Codec/BMP/Error.p_o )

Codec/BMP/Error.hs:3:1: warning: [-Wtabs]
    Tab character found here, and in 10 further locations.
    Please use spaces instead.
[ 4 of 12] Compiling Codec.BMP.BitmapInfoV3 ( Codec/BMP/BitmapInfoV3.hs, dist/build/Codec/BMP/BitmapInfoV3.p_o )

Codec/BMP/BitmapInfoV3.hs:3:1: warning: [-Wtabs]
    Tab character found here, and in 154 further locations.
    Please use spaces instead.
[ 5 of 12] Compiling Codec.BMP.FileHeader ( Codec/BMP/FileHeader.hs, dist/build/Codec/BMP/FileHeader.p_o )

Codec/BMP/FileHeader.hs:3:1: warning: [-Wtabs]
    Tab character found here, and in 82 further locations.
    Please use spaces instead.
[ 6 of 12] Compiling Codec.BMP.BitmapInfoV4 ( Codec/BMP/BitmapInfoV4.hs, dist/build/Codec/BMP/BitmapInfoV4.p_o )

Codec/BMP/BitmapInfoV4.hs:3:1: warning: [-Wtabs]
    Tab character found here, and in 168 further locations.
    Please use spaces instead.
[ 7 of 12] Compiling Codec.BMP.BitmapInfoV5 ( Codec/BMP/BitmapInfoV5.hs, dist/build/Codec/BMP/BitmapInfoV5.p_o )

Codec/BMP/BitmapInfoV5.hs:3:1: warning: [-Wtabs]
    Tab character found here, and in 80 further locations.
    Please use spaces instead.
[ 8 of 12] Compiling Codec.BMP.BitmapInfo ( Codec/BMP/BitmapInfo.hs, dist/build/Codec/BMP/BitmapInfo.p_o )

Codec/BMP/BitmapInfo.hs:3:1: warning: [-Wtabs]
    Tab character found here, and in 26 further locations.
    Please use spaces instead.
[ 9 of 12] Compiling Codec.BMP.Base   ( Codec/BMP/Base.hs, dist/build/Codec/BMP/Base.p_o )

Codec/BMP/Base.hs:3:1: warning: [-Wtabs]
    Tab character found here, and in 11 further locations.
    Please use spaces instead.
[10 of 12] Compiling Codec.BMP.Unpack ( Codec/BMP/Unpack.hs, dist/build/Codec/BMP/Unpack.p_o )

Codec/BMP/Unpack.hs:3:1: warning: [-Wtabs]
    Tab character found here, and in 143 further locations.
    Please use spaces instead.
[11 of 12] Compiling Codec.BMP.Pack   ( Codec/BMP/Pack.hs, dist/build/Codec/BMP/Pack.p_o )

Codec/BMP/Pack.hs:17:23: warning: [-Wtabs]
    Tab character found here, and in 245 further locations.
    Please use spaces instead.
[12 of 12] Compiling Codec.BMP        ( Codec/BMP.hs, dist/build/Codec/BMP.p_o )

Codec/BMP.hs:40:1: warning: [-Wtabs]
    Tab character found here, and in 105 further locations.
    Please use spaces instead.
Running Haddock for bmp-1.2.6.1...
Preprocessing library bmp-1.2.6.1...

Codec/BMP/CIEXYZ.hs:3:1: warning: [-Wtabs]
    Tab character found here, and in 14 further locations.
    Please use spaces instead.

Codec/BMP/Error.hs:3:1: warning: [-Wtabs]
    Tab character found here, and in 10 further locations.
    Please use spaces instead.

Codec/BMP/BitmapInfoV3.hs:3:1: warning: [-Wtabs]
    Tab character found here, and in 151 further locations.
    Please use spaces instead.

Codec/BMP/FileHeader.hs:3:1: warning: [-Wtabs]
    Tab character found here, and in 82 further locations.
    Please use spaces instead.

Codec/BMP/BitmapInfoV4.hs:3:1: warning: [-Wtabs]
    Tab character found here, and in 166 further locations.
    Please use spaces instead.

Codec/BMP/BitmapInfoV5.hs:3:1: warning: [-Wtabs]
    Tab character found here, and in 80 further locations.
    Please use spaces instead.

Codec/BMP/BitmapInfo.hs:3:1: warning: [-Wtabs]
    Tab character found here, and in 26 further locations.
    Please use spaces instead.

Codec/BMP/Base.hs:3:1: warning: [-Wtabs]
    Tab character found here, and in 11 further locations.
    Please use spaces instead.

Codec/BMP/Unpack.hs:3:1: warning: [-Wtabs]
    Tab character found here, and in 143 further locations.
    Please use spaces instead.

Codec/BMP/Pack.hs:17:23: warning: [-Wtabs]
    Tab character found here, and in 245 further locations.
    Please use spaces instead.

Codec/BMP.hs:40:1: warning: [-Wtabs]
    Tab character found here, and in 105 further locations.
    Please use spaces instead.
Haddock coverage:
  50% (  1 /  2) in 'Codec.BMP.CIEXYZ'
  Missing documentation for:
    Module header
  50% (  1 /  2) in 'Codec.BMP.Compression'
  Missing documentation for:
    Module header
  50% (  1 /  2) in 'Codec.BMP.Error'
  Missing documentation for:
    Module header
  83% (  5 /  6) in 'Codec.BMP.BitmapInfoV3'
  Missing documentation for:
    Module header
  80% (  4 /  5) in 'Codec.BMP.FileHeader'
  Missing documentation for:
    Module header
  83% (  5 /  6) in 'Codec.BMP.BitmapInfoV4'
  Missing documentation for:
    Module header
  80% (  4 /  5) in 'Codec.BMP.BitmapInfoV5'
  Missing documentation for:
    Module header
  67% (  2 /  3) in 'Codec.BMP.BitmapInfo'
  Missing documentation for:
    Module header
  50% (  1 /  2) in 'Codec.BMP.Base'
  Missing documentation for:
    Module header
  50% (  1 /  2) in 'Codec.BMP.Unpack'
  Missing documentation for:
    Module header
  75% (  3 /  4) in 'Codec.BMP.Pack'
  Missing documentation for:
    Module header
 100% ( 25 / 25) in 'Codec.BMP'
Documentation created: dist/doc/html/bmp/index.html
Creating package registration file:
/var/folders/cp/z1sxk2ts4sjbh8xd7ddmbfmm0000gn/T/pkgConf-bmp-1.2.61974930991404280278.1
Installing library in
/Users/Cypher/Library/Haskell/ghc-8.0.1-x86_64/lib/bmp-1.2.6.1
Registering bmp-1.2.6.1...
cabal: Leaving directory '/var/folders/cp/z1sxk2ts4sjbh8xd7ddmbfmm0000gn/T/cabal-tmp-10733/bmp-1.2.6.1'
