cabal: Entering directory '/var/folders/cp/z1sxk2ts4sjbh8xd7ddmbfmm0000gn/T/cabal-tmp-3208/cereal-0.5.2.0'
Configuring cereal-0.5.2.0...
Building cereal-0.5.2.0...
Preprocessing library cereal-0.5.2.0...
[1 of 4] Compiling Data.Serialize.Put ( src/Data/Serialize/Put.hs, dist/build/Data/Serialize/Put.o )
[2 of 4] Compiling Data.Serialize.Get ( src/Data/Serialize/Get.hs, dist/build/Data/Serialize/Get.o )
[3 of 4] Compiling Data.Serialize.IEEE754 ( src/Data/Serialize/IEEE754.hs, dist/build/Data/Serialize/IEEE754.o )
[4 of 4] Compiling Data.Serialize   ( src/Data/Serialize.hs, dist/build/Data/Serialize.o )
[1 of 4] Compiling Data.Serialize.Put ( src/Data/Serialize/Put.hs, dist/build/Data/Serialize/Put.p_o )
[2 of 4] Compiling Data.Serialize.Get ( src/Data/Serialize/Get.hs, dist/build/Data/Serialize/Get.p_o )
[3 of 4] Compiling Data.Serialize.IEEE754 ( src/Data/Serialize/IEEE754.hs, dist/build/Data/Serialize/IEEE754.p_o )
[4 of 4] Compiling Data.Serialize   ( src/Data/Serialize.hs, dist/build/Data/Serialize.p_o )
Running Haddock for cereal-0.5.2.0...
Preprocessing library cereal-0.5.2.0...
Haddock coverage:
  68% ( 30 / 44) in 'Data.Serialize.Put'
  Missing documentation for:
    Putter (src/Data/Serialize/Put.hs:133)
    putBuilder (src/Data/Serialize/Put.hs:174)
    putShortByteString (src/Data/Serialize/Put.hs:223)
    putTwoOf (src/Data/Serialize/Put.hs:303)
    putListOf (src/Data/Serialize/Put.hs:307)
    putIArrayOf (src/Data/Serialize/Put.hs:313)
    putSeqOf (src/Data/Serialize/Put.hs:319)
    putTreeOf (src/Data/Serialize/Put.hs:325)
    putMapOf (src/Data/Serialize/Put.hs:332)
    putIntMapOf (src/Data/Serialize/Put.hs:336)
    putSetOf (src/Data/Serialize/Put.hs:340)
    putIntSetOf (src/Data/Serialize/Put.hs:344)
    putMaybeOf (src/Data/Serialize/Put.hs:348)
    putEitherOf (src/Data/Serialize/Put.hs:353)
  94% ( 60 / 64) in 'Data.Serialize.Get'
  Missing documentation for:
    label (src/Data/Serialize/Get.hs:272)
    getLazyByteString (src/Data/Serialize/Get.hs:508)
    getShortByteString (src/Data/Serialize/Get.hs:513)
    getTwoOf (src/Data/Serialize/Get.hs:752)
 100% ( 11 / 11) in 'Data.Serialize.IEEE754'
Cannot find documentation for: $example
  87% ( 13 / 15) in 'Data.Serialize'
  Missing documentation for:
    GSerializePut (src/Data/Serialize.hs:550)
    GSerializeGet (src/Data/Serialize.hs:553)
Warning: Data.Serialize.Put: could not find link destinations for:
    PairS
Warning: Data.Serialize.Get: could not find link destinations for:
    get
Warning: Data.Serialize: could not find link destinations for:
    PutSum SumSize GetSum
Documentation created: dist/doc/html/cereal/index.html
Creating package registration file:
/var/folders/cp/z1sxk2ts4sjbh8xd7ddmbfmm0000gn/T/pkgConf-cereal-0.5.21194314738318153057.0
Installing library in
/Users/Cypher/Library/Haskell/ghc-8.0.1-x86_64/lib/cereal-0.5.2.0
Registering cereal-0.5.2.0...
cabal: Leaving directory '/var/folders/cp/z1sxk2ts4sjbh8xd7ddmbfmm0000gn/T/cabal-tmp-3208/cereal-0.5.2.0'
