cabal: Entering directory '/var/folders/cp/z1sxk2ts4sjbh8xd7ddmbfmm0000gn/T/cabal-tmp-3207/hashable-extras-0.2.3'
[1 of 1] Compiling Main             ( /var/folders/cp/z1sxk2ts4sjbh8xd7ddmbfmm0000gn/T/cabal-tmp-3207/hashable-extras-0.2.3/dist/setup/setup.hs, /var/folders/cp/z1sxk2ts4sjbh8xd7ddmbfmm0000gn/T/cabal-tmp-3207/hashable-extras-0.2.3/dist/setup/Main.o )
Linking /var/folders/cp/z1sxk2ts4sjbh8xd7ddmbfmm0000gn/T/cabal-tmp-3207/hashable-extras-0.2.3/dist/setup/setup ...
Configuring hashable-extras-0.2.3...
Building hashable-extras-0.2.3...
Preprocessing library hashable-extras-0.2.3...
[1 of 1] Compiling Data.Hashable.Extras ( src/Data/Hashable/Extras.hs, dist/build/Data/Hashable/Extras.o )
[1 of 1] Compiling Data.Hashable.Extras ( src/Data/Hashable/Extras.hs, dist/build/Data/Hashable/Extras.p_o )
Running Haddock for hashable-extras-0.2.3...
Preprocessing library hashable-extras-0.2.3...
Haddock coverage:
  29% (  2 /  7) in 'Data.Hashable.Extras'
  Missing documentation for:
    Hashable1 (src/Data/Hashable/Extras.hs:44)
    Hashable2 (src/Data/Hashable/Extras.hs:70)
    Hashed (src/Data/Hashable/Extras.hs:28)
    hashWith1 (src/Data/Hashable/Extras.hs:90)
    hashWith2 (src/Data/Hashable/Extras.hs:94)
Documentation created: dist/doc/html/hashable-extras/index.html
Creating package registration file:
/var/folders/cp/z1sxk2ts4sjbh8xd7ddmbfmm0000gn/T/pkgConf-hashable-extras-0.216607608081561939997.3
Installing library in
/Users/Cypher/Library/Haskell/ghc-8.0.1-x86_64/lib/hashable-extras-0.2.3
Registering hashable-extras-0.2.3...
cabal: Leaving directory '/var/folders/cp/z1sxk2ts4sjbh8xd7ddmbfmm0000gn/T/cabal-tmp-3207/hashable-extras-0.2.3'
