cabal: Entering directory '/var/folders/cp/z1sxk2ts4sjbh8xd7ddmbfmm0000gn/T/cabal-tmp-14231/haskell-src-exts-1.17.1'
Configuring haskell-src-exts-1.17.1...
Building haskell-src-exts-1.17.1...
Preprocessing library haskell-src-exts-1.17.1...
[ 1 of 24] Compiling Language.Haskell.Exts.Annotated.Syntax ( src/Language/Haskell/Exts/Annotated/Syntax.hs, dist/build/Language/Haskell/Exts/Annotated/Syntax.o )
[ 2 of 24] Compiling Language.Haskell.Exts.ParseSyntax ( src/Language/Haskell/Exts/ParseSyntax.hs, dist/build/Language/Haskell/Exts/ParseSyntax.o )
[ 3 of 24] Compiling Language.Haskell.Exts.Annotated.Build ( src/Language/Haskell/Exts/Annotated/Build.hs, dist/build/Language/Haskell/Exts/Annotated/Build.o )
[ 4 of 24] Compiling Language.Haskell.Exts.SrcLoc ( src/Language/Haskell/Exts/SrcLoc.hs, dist/build/Language/Haskell/Exts/SrcLoc.o )
[ 5 of 24] Compiling Language.Haskell.Exts.Comments ( src/Language/Haskell/Exts/Comments.hs, dist/build/Language/Haskell/Exts/Comments.o )
[ 6 of 24] Compiling Language.Haskell.Exts.Annotated.ExactPrint ( src/Language/Haskell/Exts/Annotated/ExactPrint.hs, dist/build/Language/Haskell/Exts/Annotated/ExactPrint.o )

src/Language/Haskell/Exts/Annotated/ExactPrint.hs:153:1: warning: [-Wredundant-constraints]
    • Redundant constraint: Annotated ast
    • In the type signature for:
           printInterleaved :: (Annotated ast, ExactP ast, SrcInfo loc) =>
                               [(loc, String)] -> [ast SrcSpanInfo] -> EP ()

src/Language/Haskell/Exts/Annotated/ExactPrint.hs:153:1: warning: [-Wredundant-constraints]
    • Redundant constraint: Annotated ast
    • In the type signature for:
           printInterleaved' :: (Annotated ast, ExactP ast, SrcInfo loc) =>
                                [(loc, String)] -> [ast SrcSpanInfo] -> EP ()

src/Language/Haskell/Exts/Annotated/ExactPrint.hs:177:1: warning: [-Wredundant-constraints]
    • Redundant constraint: Annotated ast
    • In the type signature for:
           bracketList :: (Annotated ast, ExactP ast) =>
                          (String, String, String) -> [SrcSpan] -> [ast SrcSpanInfo] -> EP ()

src/Language/Haskell/Exts/Annotated/ExactPrint.hs:188:1: warning: [-Wredundant-constraints]
    • Redundant constraint: Annotated ast
    • In the type signature for:
           parenList :: (Annotated ast, ExactP ast) =>
                        [SrcSpan] -> [ast SrcSpanInfo] -> EP ()

src/Language/Haskell/Exts/Annotated/ExactPrint.hs:188:1: warning: [-Wredundant-constraints]
    • Redundant constraint: Annotated ast
    • In the type signature for:
           squareList :: (Annotated ast, ExactP ast) =>
                         [SrcSpan] -> [ast SrcSpanInfo] -> EP ()

src/Language/Haskell/Exts/Annotated/ExactPrint.hs:188:1: warning: [-Wredundant-constraints]
    • Redundant constraint: Annotated ast
    • In the type signature for:
           squareColonList :: (Annotated ast, ExactP ast) =>
                              [SrcSpan] -> [ast SrcSpanInfo] -> EP ()

src/Language/Haskell/Exts/Annotated/ExactPrint.hs:188:1: warning: [-Wredundant-constraints]
    • Redundant constraint: Annotated ast
    • In the type signature for:
           curlyList :: (Annotated ast, ExactP ast) =>
                        [SrcSpan] -> [ast SrcSpanInfo] -> EP ()

src/Language/Haskell/Exts/Annotated/ExactPrint.hs:188:1: warning: [-Wredundant-constraints]
    • Redundant constraint: Annotated ast
    • In the type signature for:
           parenHashList :: (Annotated ast, ExactP ast) =>
                            [SrcSpan] -> [ast SrcSpanInfo] -> EP ()

src/Language/Haskell/Exts/Annotated/ExactPrint.hs:195:1: warning: [-Wredundant-constraints]
    • Redundant constraints: (Functor ast,
                              Show (ast ()),
                              Annotated ast)
    • In the type signature for:
           layoutList :: (Functor ast, Show (ast ()), Annotated ast,
                          ExactP ast) =>
                         [SrcSpan] -> [ast SrcSpanInfo] -> EP ()
[ 7 of 24] Compiling Language.Haskell.Exts.Annotated.Comments ( src/Language/Haskell/Exts/Annotated/Comments.hs, dist/build/Language/Haskell/Exts/Annotated/Comments.o )
[ 8 of 24] Compiling Language.Haskell.Exts.Extension ( src/Language/Haskell/Exts/Extension.hs, dist/build/Language/Haskell/Exts/Extension.o )
[ 9 of 24] Compiling Language.Haskell.Exts.ExtScheme ( src/Language/Haskell/Exts/ExtScheme.hs, dist/build/Language/Haskell/Exts/ExtScheme.o )
[10 of 24] Compiling Language.Haskell.Exts.Syntax ( src/Language/Haskell/Exts/Syntax.hs, dist/build/Language/Haskell/Exts/Syntax.o )
[11 of 24] Compiling Language.Haskell.Exts.Build ( src/Language/Haskell/Exts/Build.hs, dist/build/Language/Haskell/Exts/Build.o )
[12 of 24] Compiling Language.Haskell.Exts.Fixity ( src/Language/Haskell/Exts/Fixity.hs, dist/build/Language/Haskell/Exts/Fixity.o )
[13 of 24] Compiling Language.Haskell.Exts.ParseMonad ( src/Language/Haskell/Exts/ParseMonad.hs, dist/build/Language/Haskell/Exts/ParseMonad.o )

src/Language/Haskell/Exts/ParseMonad.hs:45:1: warning: [-Wunused-imports]
    The import of ‘Control.Applicative’ is redundant
      except perhaps to import instances from ‘Control.Applicative’
    To import instances alone, use: import Control.Applicative()

src/Language/Haskell/Exts/ParseMonad.hs:47:1: warning: [-Wunused-imports]
    The import of ‘Data.Monoid’ is redundant
      except perhaps to import instances from ‘Data.Monoid’
    To import instances alone, use: import Data.Monoid()
[14 of 24] Compiling Language.Haskell.Exts.InternalLexer ( src/Language/Haskell/Exts/InternalLexer.hs, dist/build/Language/Haskell/Exts/InternalLexer.o )
[15 of 24] Compiling Language.Haskell.Exts.Lexer ( src/Language/Haskell/Exts/Lexer.hs, dist/build/Language/Haskell/Exts/Lexer.o )
[16 of 24] Compiling Language.Haskell.Exts.Annotated.Simplify ( src/Language/Haskell/Exts/Annotated/Simplify.hs, dist/build/Language/Haskell/Exts/Annotated/Simplify.o )

src/Language/Haskell/Exts/Annotated/Simplify.hs:326:1: warning: [-Wredundant-constraints]
    • Redundant constraint: SrcInfo l
    • In the type signature for:
           sBangType :: SrcInfo l => BangType l -> S.BangType

src/Language/Haskell/Exts/Annotated/Simplify.hs:514:1: warning: [-Wredundant-constraints]
    • Redundant constraint: SrcInfo loc
    • In the type signature for:
           sOverlap :: SrcInfo loc => Overlap loc -> S.Overlap
[17 of 24] Compiling Language.Haskell.Exts.Pretty ( src/Language/Haskell/Exts/Pretty.hs, dist/build/Language/Haskell/Exts/Pretty.o )
[18 of 24] Compiling Language.Haskell.Exts.ParseUtils ( src/Language/Haskell/Exts/ParseUtils.hs, dist/build/Language/Haskell/Exts/ParseUtils.o )

src/Language/Haskell/Exts/ParseUtils.hs:1137:1: warning: [-Wredundant-constraints]
    • Redundant constraint: Show l
    • In the type signature for:
           checkKind :: Show l => Kind l -> P ()
[19 of 24] Compiling Language.Haskell.Exts.Annotated.Fixity ( src/Language/Haskell/Exts/Annotated/Fixity.hs, dist/build/Language/Haskell/Exts/Annotated/Fixity.o )
[20 of 24] Compiling Language.Haskell.Exts.InternalParser ( dist/build/Language/Haskell/Exts/InternalParser.hs, dist/build/Language/Haskell/Exts/InternalParser.o )
[21 of 24] Compiling Language.Haskell.Exts.Annotated.Parser ( src/Language/Haskell/Exts/Annotated/Parser.hs, dist/build/Language/Haskell/Exts/Annotated/Parser.o )
[22 of 24] Compiling Language.Haskell.Exts.Parser ( src/Language/Haskell/Exts/Parser.hs, dist/build/Language/Haskell/Exts/Parser.o )
[23 of 24] Compiling Language.Haskell.Exts.Annotated ( src/Language/Haskell/Exts/Annotated.hs, dist/build/Language/Haskell/Exts/Annotated.o )
[24 of 24] Compiling Language.Haskell.Exts ( src/Language/Haskell/Exts.hs, dist/build/Language/Haskell/Exts.o )
[ 1 of 24] Compiling Language.Haskell.Exts.Annotated.Syntax ( src/Language/Haskell/Exts/Annotated/Syntax.hs, dist/build/Language/Haskell/Exts/Annotated/Syntax.p_o )
[ 2 of 24] Compiling Language.Haskell.Exts.ParseSyntax ( src/Language/Haskell/Exts/ParseSyntax.hs, dist/build/Language/Haskell/Exts/ParseSyntax.p_o )
[ 3 of 24] Compiling Language.Haskell.Exts.Annotated.Build ( src/Language/Haskell/Exts/Annotated/Build.hs, dist/build/Language/Haskell/Exts/Annotated/Build.p_o )
[ 4 of 24] Compiling Language.Haskell.Exts.SrcLoc ( src/Language/Haskell/Exts/SrcLoc.hs, dist/build/Language/Haskell/Exts/SrcLoc.p_o )
[ 5 of 24] Compiling Language.Haskell.Exts.Comments ( src/Language/Haskell/Exts/Comments.hs, dist/build/Language/Haskell/Exts/Comments.p_o )
[ 6 of 24] Compiling Language.Haskell.Exts.Annotated.ExactPrint ( src/Language/Haskell/Exts/Annotated/ExactPrint.hs, dist/build/Language/Haskell/Exts/Annotated/ExactPrint.p_o )

src/Language/Haskell/Exts/Annotated/ExactPrint.hs:153:1: warning: [-Wredundant-constraints]
    • Redundant constraint: Annotated ast
    • In the type signature for:
           printInterleaved :: (Annotated ast, ExactP ast, SrcInfo loc) =>
                               [(loc, String)] -> [ast SrcSpanInfo] -> EP ()

src/Language/Haskell/Exts/Annotated/ExactPrint.hs:153:1: warning: [-Wredundant-constraints]
    • Redundant constraint: Annotated ast
    • In the type signature for:
           printInterleaved' :: (Annotated ast, ExactP ast, SrcInfo loc) =>
                                [(loc, String)] -> [ast SrcSpanInfo] -> EP ()

src/Language/Haskell/Exts/Annotated/ExactPrint.hs:177:1: warning: [-Wredundant-constraints]
    • Redundant constraint: Annotated ast
    • In the type signature for:
           bracketList :: (Annotated ast, ExactP ast) =>
                          (String, String, String) -> [SrcSpan] -> [ast SrcSpanInfo] -> EP ()

src/Language/Haskell/Exts/Annotated/ExactPrint.hs:188:1: warning: [-Wredundant-constraints]
    • Redundant constraint: Annotated ast
    • In the type signature for:
           parenList :: (Annotated ast, ExactP ast) =>
                        [SrcSpan] -> [ast SrcSpanInfo] -> EP ()

src/Language/Haskell/Exts/Annotated/ExactPrint.hs:188:1: warning: [-Wredundant-constraints]
    • Redundant constraint: Annotated ast
    • In the type signature for:
           squareList :: (Annotated ast, ExactP ast) =>
                         [SrcSpan] -> [ast SrcSpanInfo] -> EP ()

src/Language/Haskell/Exts/Annotated/ExactPrint.hs:188:1: warning: [-Wredundant-constraints]
    • Redundant constraint: Annotated ast
    • In the type signature for:
           squareColonList :: (Annotated ast, ExactP ast) =>
                              [SrcSpan] -> [ast SrcSpanInfo] -> EP ()

src/Language/Haskell/Exts/Annotated/ExactPrint.hs:188:1: warning: [-Wredundant-constraints]
    • Redundant constraint: Annotated ast
    • In the type signature for:
           curlyList :: (Annotated ast, ExactP ast) =>
                        [SrcSpan] -> [ast SrcSpanInfo] -> EP ()

src/Language/Haskell/Exts/Annotated/ExactPrint.hs:188:1: warning: [-Wredundant-constraints]
    • Redundant constraint: Annotated ast
    • In the type signature for:
           parenHashList :: (Annotated ast, ExactP ast) =>
                            [SrcSpan] -> [ast SrcSpanInfo] -> EP ()

src/Language/Haskell/Exts/Annotated/ExactPrint.hs:195:1: warning: [-Wredundant-constraints]
    • Redundant constraints: (Functor ast,
                              Show (ast ()),
                              Annotated ast)
    • In the type signature for:
           layoutList :: (Functor ast, Show (ast ()), Annotated ast,
                          ExactP ast) =>
                         [SrcSpan] -> [ast SrcSpanInfo] -> EP ()
[ 7 of 24] Compiling Language.Haskell.Exts.Annotated.Comments ( src/Language/Haskell/Exts/Annotated/Comments.hs, dist/build/Language/Haskell/Exts/Annotated/Comments.p_o )
[ 8 of 24] Compiling Language.Haskell.Exts.Extension ( src/Language/Haskell/Exts/Extension.hs, dist/build/Language/Haskell/Exts/Extension.p_o )
[ 9 of 24] Compiling Language.Haskell.Exts.ExtScheme ( src/Language/Haskell/Exts/ExtScheme.hs, dist/build/Language/Haskell/Exts/ExtScheme.p_o )
[10 of 24] Compiling Language.Haskell.Exts.Syntax ( src/Language/Haskell/Exts/Syntax.hs, dist/build/Language/Haskell/Exts/Syntax.p_o )
[11 of 24] Compiling Language.Haskell.Exts.Build ( src/Language/Haskell/Exts/Build.hs, dist/build/Language/Haskell/Exts/Build.p_o )
[12 of 24] Compiling Language.Haskell.Exts.Fixity ( src/Language/Haskell/Exts/Fixity.hs, dist/build/Language/Haskell/Exts/Fixity.p_o )
[13 of 24] Compiling Language.Haskell.Exts.ParseMonad ( src/Language/Haskell/Exts/ParseMonad.hs, dist/build/Language/Haskell/Exts/ParseMonad.p_o )

src/Language/Haskell/Exts/ParseMonad.hs:45:1: warning: [-Wunused-imports]
    The import of ‘Control.Applicative’ is redundant
      except perhaps to import instances from ‘Control.Applicative’
    To import instances alone, use: import Control.Applicative()

src/Language/Haskell/Exts/ParseMonad.hs:47:1: warning: [-Wunused-imports]
    The import of ‘Data.Monoid’ is redundant
      except perhaps to import instances from ‘Data.Monoid’
    To import instances alone, use: import Data.Monoid()
[14 of 24] Compiling Language.Haskell.Exts.InternalLexer ( src/Language/Haskell/Exts/InternalLexer.hs, dist/build/Language/Haskell/Exts/InternalLexer.p_o )
[15 of 24] Compiling Language.Haskell.Exts.Lexer ( src/Language/Haskell/Exts/Lexer.hs, dist/build/Language/Haskell/Exts/Lexer.p_o )
[16 of 24] Compiling Language.Haskell.Exts.Annotated.Simplify ( src/Language/Haskell/Exts/Annotated/Simplify.hs, dist/build/Language/Haskell/Exts/Annotated/Simplify.p_o )

src/Language/Haskell/Exts/Annotated/Simplify.hs:326:1: warning: [-Wredundant-constraints]
    • Redundant constraint: SrcInfo l
    • In the type signature for:
           sBangType :: SrcInfo l => BangType l -> S.BangType

src/Language/Haskell/Exts/Annotated/Simplify.hs:514:1: warning: [-Wredundant-constraints]
    • Redundant constraint: SrcInfo loc
    • In the type signature for:
           sOverlap :: SrcInfo loc => Overlap loc -> S.Overlap
[17 of 24] Compiling Language.Haskell.Exts.Pretty ( src/Language/Haskell/Exts/Pretty.hs, dist/build/Language/Haskell/Exts/Pretty.p_o )
[18 of 24] Compiling Language.Haskell.Exts.ParseUtils ( src/Language/Haskell/Exts/ParseUtils.hs, dist/build/Language/Haskell/Exts/ParseUtils.p_o )

src/Language/Haskell/Exts/ParseUtils.hs:1137:1: warning: [-Wredundant-constraints]
    • Redundant constraint: Show l
    • In the type signature for:
           checkKind :: Show l => Kind l -> P ()
[19 of 24] Compiling Language.Haskell.Exts.Annotated.Fixity ( src/Language/Haskell/Exts/Annotated/Fixity.hs, dist/build/Language/Haskell/Exts/Annotated/Fixity.p_o )
[20 of 24] Compiling Language.Haskell.Exts.InternalParser ( dist/build/Language/Haskell/Exts/InternalParser.hs, dist/build/Language/Haskell/Exts/InternalParser.p_o )
[21 of 24] Compiling Language.Haskell.Exts.Annotated.Parser ( src/Language/Haskell/Exts/Annotated/Parser.hs, dist/build/Language/Haskell/Exts/Annotated/Parser.p_o )
[22 of 24] Compiling Language.Haskell.Exts.Parser ( src/Language/Haskell/Exts/Parser.hs, dist/build/Language/Haskell/Exts/Parser.p_o )
[23 of 24] Compiling Language.Haskell.Exts.Annotated ( src/Language/Haskell/Exts/Annotated.hs, dist/build/Language/Haskell/Exts/Annotated.p_o )
[24 of 24] Compiling Language.Haskell.Exts ( src/Language/Haskell/Exts.hs, dist/build/Language/Haskell/Exts.p_o )
Running Haddock for haskell-src-exts-1.17.1...
Preprocessing library haskell-src-exts-1.17.1...

src/Language/Haskell/Exts/Annotated/ExactPrint.hs:153:1: warning: [-Wredundant-constraints]
    • Redundant constraint: Annotated ast
    • In the type signature for:
           printInterleaved :: (Annotated ast, ExactP ast, SrcInfo loc) =>
                               [(loc, String)] -> [ast SrcSpanInfo] -> EP ()

src/Language/Haskell/Exts/Annotated/ExactPrint.hs:153:1: warning: [-Wredundant-constraints]
    • Redundant constraint: Annotated ast
    • In the type signature for:
           printInterleaved' :: (Annotated ast, ExactP ast, SrcInfo loc) =>
                                [(loc, String)] -> [ast SrcSpanInfo] -> EP ()

src/Language/Haskell/Exts/Annotated/ExactPrint.hs:177:1: warning: [-Wredundant-constraints]
    • Redundant constraint: Annotated ast
    • In the type signature for:
           bracketList :: (Annotated ast, ExactP ast) =>
                          (String, String, String) -> [SrcSpan] -> [ast SrcSpanInfo] -> EP ()

src/Language/Haskell/Exts/Annotated/ExactPrint.hs:188:1: warning: [-Wredundant-constraints]
    • Redundant constraint: Annotated ast
    • In the type signature for:
           parenList :: (Annotated ast, ExactP ast) =>
                        [SrcSpan] -> [ast SrcSpanInfo] -> EP ()

src/Language/Haskell/Exts/Annotated/ExactPrint.hs:188:1: warning: [-Wredundant-constraints]
    • Redundant constraint: Annotated ast
    • In the type signature for:
           squareList :: (Annotated ast, ExactP ast) =>
                         [SrcSpan] -> [ast SrcSpanInfo] -> EP ()

src/Language/Haskell/Exts/Annotated/ExactPrint.hs:188:1: warning: [-Wredundant-constraints]
    • Redundant constraint: Annotated ast
    • In the type signature for:
           squareColonList :: (Annotated ast, ExactP ast) =>
                              [SrcSpan] -> [ast SrcSpanInfo] -> EP ()

src/Language/Haskell/Exts/Annotated/ExactPrint.hs:188:1: warning: [-Wredundant-constraints]
    • Redundant constraint: Annotated ast
    • In the type signature for:
           curlyList :: (Annotated ast, ExactP ast) =>
                        [SrcSpan] -> [ast SrcSpanInfo] -> EP ()

src/Language/Haskell/Exts/Annotated/ExactPrint.hs:188:1: warning: [-Wredundant-constraints]
    • Redundant constraint: Annotated ast
    • In the type signature for:
           parenHashList :: (Annotated ast, ExactP ast) =>
                            [SrcSpan] -> [ast SrcSpanInfo] -> EP ()

src/Language/Haskell/Exts/Annotated/ExactPrint.hs:195:1: warning: [-Wredundant-constraints]
    • Redundant constraints: (Functor ast,
                              Show (ast ()),
                              Annotated ast)
    • In the type signature for:
           layoutList :: (Functor ast, Show (ast ()), Annotated ast,
                          ExactP ast) =>
                         [SrcSpan] -> [ast SrcSpanInfo] -> EP ()
Haddock coverage:
  69% ( 96 /140) in 'Language.Haskell.Exts.Annotated.Syntax'
  Missing documentation for:
    PatternSynDirection (src/Language/Haskell/Exts/Annotated/Syntax.hs:325)
    Role (src/Language/Haskell/Exts/Annotated/Syntax.hs:352)
    prelude_mod (src/Language/Haskell/Exts/Annotated/Syntax.hs:958)
    main_mod (src/Language/Haskell/Exts/Annotated/Syntax.hs:958)
    main_name (src/Language/Haskell/Exts/Annotated/Syntax.hs:962)
    unit_con_name (src/Language/Haskell/Exts/Annotated/Syntax.hs:965)
    tuple_con_name (src/Language/Haskell/Exts/Annotated/Syntax.hs:968)
    list_cons_name (src/Language/Haskell/Exts/Annotated/Syntax.hs:971)
    unboxed_singleton_con_name (src/Language/Haskell/Exts/Annotated/Syntax.hs:974)
    unit_con (src/Language/Haskell/Exts/Annotated/Syntax.hs:977)
    tuple_con (src/Language/Haskell/Exts/Annotated/Syntax.hs:980)
    unboxed_singleton_con (src/Language/Haskell/Exts/Annotated/Syntax.hs:983)
    as_name (src/Language/Haskell/Exts/Annotated/Syntax.hs:986)
    qualified_name (src/Language/Haskell/Exts/Annotated/Syntax.hs:986)
    hiding_name (src/Language/Haskell/Exts/Annotated/Syntax.hs:986)
    minus_name (src/Language/Haskell/Exts/Annotated/Syntax.hs:986)
    bang_name (src/Language/Haskell/Exts/Annotated/Syntax.hs:986)
    dot_name (src/Language/Haskell/Exts/Annotated/Syntax.hs:986)
    star_name (src/Language/Haskell/Exts/Annotated/Syntax.hs:986)
    export_name (src/Language/Haskell/Exts/Annotated/Syntax.hs:995)
    safe_name (src/Language/Haskell/Exts/Annotated/Syntax.hs:995)
    unsafe_name (src/Language/Haskell/Exts/Annotated/Syntax.hs:995)
    interruptible_name (src/Language/Haskell/Exts/Annotated/Syntax.hs:995)
    threadsafe_name (src/Language/Haskell/Exts/Annotated/Syntax.hs:995)
    stdcall_name (src/Language/Haskell/Exts/Annotated/Syntax.hs:995)
    ccall_name (src/Language/Haskell/Exts/Annotated/Syntax.hs:995)
    cplusplus_name (src/Language/Haskell/Exts/Annotated/Syntax.hs:995)
    dotnet_name (src/Language/Haskell/Exts/Annotated/Syntax.hs:995)
    jvm_name (src/Language/Haskell/Exts/Annotated/Syntax.hs:995)
    js_name (src/Language/Haskell/Exts/Annotated/Syntax.hs:995)
    javascript_name (src/Language/Haskell/Exts/Annotated/Syntax.hs:995)
    capi_name (src/Language/Haskell/Exts/Annotated/Syntax.hs:995)
    forall_name (src/Language/Haskell/Exts/Annotated/Syntax.hs:995)
    family_name (src/Language/Haskell/Exts/Annotated/Syntax.hs:995)
    unit_tycon_name (src/Language/Haskell/Exts/Annotated/Syntax.hs:1015)
    fun_tycon_name (src/Language/Haskell/Exts/Annotated/Syntax.hs:1015)
    list_tycon_name (src/Language/Haskell/Exts/Annotated/Syntax.hs:1015)
    tuple_tycon_name (src/Language/Haskell/Exts/Annotated/Syntax.hs:1021)
    unboxed_singleton_tycon_name (src/Language/Haskell/Exts/Annotated/Syntax.hs:1015)
    unit_tycon (src/Language/Haskell/Exts/Annotated/Syntax.hs:1024)
    fun_tycon (src/Language/Haskell/Exts/Annotated/Syntax.hs:1024)
    list_tycon (src/Language/Haskell/Exts/Annotated/Syntax.hs:1024)
    tuple_tycon (src/Language/Haskell/Exts/Annotated/Syntax.hs:1030)
    unboxed_singleton_tycon (src/Language/Haskell/Exts/Annotated/Syntax.hs:1024)
   0% (  0 / 21) in 'Language.Haskell.Exts.ParseSyntax'
  Missing documentation for:
    Module header
    PExp (src/Language/Haskell/Exts/ParseSyntax.hs:11)
    PFieldUpdate (src/Language/Haskell/Exts/ParseSyntax.hs:109)
    ParseXAttr (src/Language/Haskell/Exts/ParseSyntax.hs:115)
     (src/Language/Haskell/Exts/ParseSyntax.hs:118)
     (src/Language/Haskell/Exts/ParseSyntax.hs:255)
     (src/Language/Haskell/Exts/ParseSyntax.hs:263)
    p_unit_con (src/Language/Haskell/Exts/ParseSyntax.hs:267)
    p_tuple_con (src/Language/Haskell/Exts/ParseSyntax.hs:270)
    p_unboxed_singleton_con (src/Language/Haskell/Exts/ParseSyntax.hs:273)
    PContext (src/Language/Haskell/Exts/ParseSyntax.hs:276)
     (src/Language/Haskell/Exts/ParseSyntax.hs:282)
    PType (src/Language/Haskell/Exts/ParseSyntax.hs:290)
     (src/Language/Haskell/Exts/ParseSyntax.hs:312)
    PAsst (src/Language/Haskell/Exts/ParseSyntax.hs:348)
     (src/Language/Haskell/Exts/ParseSyntax.hs:358)
    unit_tycon (src/Language/Haskell/Exts/ParseSyntax.hs:377)
    fun_tycon (src/Language/Haskell/Exts/ParseSyntax.hs:377)
    list_tycon (src/Language/Haskell/Exts/ParseSyntax.hs:377)
    unboxed_singleton_tycon (src/Language/Haskell/Exts/ParseSyntax.hs:377)
    tuple_tycon (src/Language/Haskell/Exts/ParseSyntax.hs:383)
 100% ( 49 / 49) in 'Language.Haskell.Exts.Annotated.Build'
  71% ( 20 / 28) in 'Language.Haskell.Exts.SrcLoc'
  Missing documentation for:
     (src/Language/Haskell/Exts/SrcLoc.hs:29)
    noLoc (src/Language/Haskell/Exts/SrcLoc.hs:34)
     (src/Language/Haskell/Exts/SrcLoc.hs:47)
    spanSize (src/Language/Haskell/Exts/SrcLoc.hs:82)
     (src/Language/Haskell/Exts/SrcLoc.hs:102)
     (src/Language/Haskell/Exts/SrcLoc.hs:166)
     (src/Language/Haskell/Exts/SrcLoc.hs:173)
     (src/Language/Haskell/Exts/SrcLoc.hs:180)
  67% (  2 /  3) in 'Language.Haskell.Exts.Comments'
  Missing documentation for:
    Module header
  67% (  2 /  3) in 'Language.Haskell.Exts.Annotated.ExactPrint'
  Missing documentation for:
    ExactP (src/Language/Haskell/Exts/Annotated/ExactPrint.hs:217)
 100% (  2 /  2) in 'Language.Haskell.Exts.Annotated.Comments'
  65% ( 13 / 20) in 'Language.Haskell.Exts.Extension'
  Missing documentation for:
    Language (src/Language/Haskell/Exts/Extension.hs:81)
    knownLanguages (src/Language/Haskell/Exts/Extension.hs:100)
    classifyLanguage (src/Language/Haskell/Exts/Extension.hs:103)
    prettyLanguage (src/Language/Haskell/Exts/Extension.hs:109)
    KnownExtension (src/Language/Haskell/Exts/Extension.hs:130)
    ghcDefault (src/Language/Haskell/Exts/Extension.hs:601)
    toExtensionList (src/Language/Haskell/Exts/Extension.hs:680)
  14% (  1 /  7) in 'Language.Haskell.Exts.ExtScheme'
  Missing documentation for:
    ExtScheme (src/Language/Haskell/Exts/ExtScheme.hs:20)
    MExtScheme (src/Language/Haskell/Exts/ExtScheme.hs:23)
    Enabled (src/Language/Haskell/Exts/ExtScheme.hs:25)
     (src/Language/Haskell/Exts/ExtScheme.hs:28)
     (src/Language/Haskell/Exts/ExtScheme.hs:31)
     (src/Language/Haskell/Exts/ExtScheme.hs:35)
  66% ( 86 /131) in 'Language.Haskell.Exts.Syntax'
  Missing documentation for:
    PatternSynDirection (src/Language/Haskell/Exts/Syntax.hs:300)
    Promoted (src/Language/Haskell/Exts/Syntax.hs:449)
    Role (src/Language/Haskell/Exts/Syntax.hs:327)
    prelude_mod (src/Language/Haskell/Exts/Syntax.hs:793)
    main_mod (src/Language/Haskell/Exts/Syntax.hs:793)
    main_name (src/Language/Haskell/Exts/Syntax.hs:797)
    unit_con_name (src/Language/Haskell/Exts/Syntax.hs:800)
    tuple_con_name (src/Language/Haskell/Exts/Syntax.hs:803)
    list_cons_name (src/Language/Haskell/Exts/Syntax.hs:806)
    unboxed_singleton_con_name (src/Language/Haskell/Exts/Syntax.hs:809)
    unit_con (src/Language/Haskell/Exts/Syntax.hs:812)
    tuple_con (src/Language/Haskell/Exts/Syntax.hs:815)
    unboxed_singleton_con (src/Language/Haskell/Exts/Syntax.hs:818)
    as_name (src/Language/Haskell/Exts/Syntax.hs:821)
    qualified_name (src/Language/Haskell/Exts/Syntax.hs:821)
    hiding_name (src/Language/Haskell/Exts/Syntax.hs:821)
    minus_name (src/Language/Haskell/Exts/Syntax.hs:821)
    bang_name (src/Language/Haskell/Exts/Syntax.hs:821)
    dot_name (src/Language/Haskell/Exts/Syntax.hs:821)
    star_name (src/Language/Haskell/Exts/Syntax.hs:821)
    export_name (src/Language/Haskell/Exts/Syntax.hs:830)
    safe_name (src/Language/Haskell/Exts/Syntax.hs:830)
    unsafe_name (src/Language/Haskell/Exts/Syntax.hs:830)
    interruptible_name (src/Language/Haskell/Exts/Syntax.hs:830)
    threadsafe_name (src/Language/Haskell/Exts/Syntax.hs:830)
    stdcall_name (src/Language/Haskell/Exts/Syntax.hs:830)
    ccall_name (src/Language/Haskell/Exts/Syntax.hs:830)
    cplusplus_name (src/Language/Haskell/Exts/Syntax.hs:830)
    dotnet_name (src/Language/Haskell/Exts/Syntax.hs:830)
    jvm_name (src/Language/Haskell/Exts/Syntax.hs:830)
    js_name (s
src/Language/Haskell/Exts/ParseMonad.hs:45:1: warning: [-Wunused-imports]
    The import of ‘Control.Applicative’ is redundant
      except perhaps to import instances from ‘Control.Applicative’
    To import instances alone, use: import Control.Applicative()

src/Language/Haskell/Exts/ParseMonad.hs:47:1: warning: [-Wunused-imports]
    The import of ‘Data.Monoid’ is redundant
      except perhaps to import instances from ‘Data.Monoid’
    To import instances alone, use: import Data.Monoid()

src/Language/Haskell/Exts/Annotated/Simplify.hs:326:1: warning: [-Wredundant-constraints]
    • Redundant constraint: SrcInfo l
    • In the type signature for:
           sBangType :: SrcInfo l => BangType l -> S.BangType

src/Language/Haskell/Exts/Annotated/Simplify.hs:514:1: warning: [-Wredundant-constraints]
    • Redundant constraint: SrcInfo loc
    • In the type signature for:
           sOverlap :: SrcInfo loc => Overlap loc -> S.Overlap
rc/Language/Haskell/Exts/Syntax.hs:830)
    javascript_name (src/Language/Haskell/Exts/Syntax.hs:830)
    capi_name (src/Language/Haskell/Exts/Syntax.hs:830)
    forall_name (src/Language/Haskell/Exts/Syntax.hs:830)
    family_name (src/Language/Haskell/Exts/Syntax.hs:830)
    unit_tycon_name (src/Language/Haskell/Exts/Syntax.hs:850)
    fun_tycon_name (src/Language/Haskell/Exts/Syntax.hs:850)
    list_tycon_name (src/Language/Haskell/Exts/Syntax.hs:850)
    tuple_tycon_name (src/Language/Haskell/Exts/Syntax.hs:856)
    unboxed_singleton_tycon_name (src/Language/Haskell/Exts/Syntax.hs:850)
    unit_tycon (src/Language/Haskell/Exts/Syntax.hs:859)
    fun_tycon (src/Language/Haskell/Exts/Syntax.hs:859)
    list_tycon (src/Language/Haskell/Exts/Syntax.hs:859)
    tuple_tycon (src/Language/Haskell/Exts/Syntax.hs:865)
    unboxed_singleton_tycon (src/Language/Haskell/Exts/Syntax.hs:859)
 100% ( 49 / 49) in 'Language.Haskell.Exts.Build'
  77% ( 10 / 13) in 'Language.Haskell.Exts.Fixity'
  Missing documentation for:
    infix_ (src/Language/Haskell/Exts/Fixity.hs:168)
    infixl_ (src/Language/Haskell/Exts/Fixity.hs:168)
    infixr_ (src/Language/Haskell/Exts/Fixity.hs:168)
  35% ( 18 / 51) in 'Language.Haskell.Exts.ParseMonad'
  Missing documentation for:
    atSrcLoc (src/Language/Haskell/Exts/ParseMonad.hs:241)
    LexContext (src/Language/Haskell/Exts/ParseMonad.hs:109)
    runParserWithMode (src/Language/Haskell/Exts/ParseMonad.hs:197)
    runParserWithModeComments (src/Language/Haskell/Exts/ParseMonad.hs:212)
    runParser (src/Language/Haskell/Exts/ParseMonad.hs:209)
    getSrcLoc (src/Language/Haskell/Exts/ParseMonad.hs:244)
    pushCurrentContext (src/Language/Haskell/Exts/ParseMonad.hs:268)
    popContext (src/Language/Haskell/Exts/ParseMonad.hs:286)
    getExtensions (src/Language/Haskell/Exts/ParseMonad.hs:307)
    getIgnoreFunctionArity (src/Language/Haskell/Exts/ParseMonad.hs:320)
    Lex (src/Language/Haskell/Exts/ParseMonad.hs:331)
    getInput (src/Language/Haskell/Exts/ParseMonad.hs:348)
    lexWhile (src/Language/Haskell/Exts/ParseMonad.hs:377)
    alternative (src/Language/Haskell/Exts/ParseMonad.hs:401)
    checkBOL (src/Language/Haskell/Exts/ParseMonad.hs:421)
    setBOL (src/Language/Haskell/Exts/ParseMonad.hs:426)
    startToken (src/Language/Haskell/Exts/ParseMonad.hs:431)
    getOffside (src/Language/Haskell/Exts/ParseMonad.hs:445)
    pushContextL (src/Language/Haskell/Exts/ParseMonad.hs:457)
    popContextL (src/Language/Haskell/Exts/ParseMonad.hs:461)
    getExtensionsL (src/Language/Haskell/Exts/ParseMonad.hs:497)
    pushComment (src/Language/Haskell/Exts/ParseMonad.hs:531)
    getSrcLocL (src/Language/Haskell/Exts/ParseMonad.hs:449)
    setSrcLineL (src/Language/Haskell/Exts/ParseMonad.hs:453)
    ignoreLinePragmasL (src/Language/Haskell/Exts/ParseMonad.hs:520)
    setLineFilenameL (src/Language/Haskell/Exts/ParseMonad.hs:525)
    ExtContext (src/Language/Haskell/Exts/ParseMonad.hs:112)
    pushExtContextL (src/Language/Haskell/Exts/ParseMonad.hs:485)
    popExtContextL (src/Language/Haskell/Exts/ParseMonad.hs:489)
    getExtContext (src/Language/Haskell/Exts/ParseMonad.hs:478)
    pullCtxtFlag (src/Language/Haskell/Exts/ParseMonad.hs:466)
    flagDo (src/Language/Haskell/Exts/ParseMonad.hs:471)
    getModuleName (src/Language/Haskell/Exts/ParseMonad.hs:247)
  20% (  1 /  5) in 'Language.Haskell.Exts.InternalLexer'
  Missing documentation for:
    Token (src/Language/Haskell/Exts/InternalLexer.hs:37)
    showToken (src/Language/Haskell/Exts/InternalLexer.hs:1247)
    lexer (src/Language/Haskell/Exts/InternalLexer.hs:364)
    topLexer (src/Language/Haskell/Exts/InternalLexer.hs:367)
  67% (  4 /  6) in 'Language.Haskell.Exts.Lexer'
  Missing documentation for:
    Token (src/Language/Haskell/Exts/InternalLexer.hs:37)
    showToken (src/Language/Haskell/Exts/InternalLexer.hs:1247)
   4% (  3 / 73) in 'Language.Haskell.Exts.Annotated.Simplify'
  Missing documentation for:
    sPatSyn (src/Language/Haskell/Exts/Annotated/Simplify.hs:127)
    sTypeEqn (src/Language/Haskell/Exts/Annotated/Simplify.hs:133)
    sAnnotation (src/Language/Haskell/Exts/Annotated/Simplify.hs:136)
    sBooleanFormula (src/Language/Haskell/Exts/Annotated/Simplify.hs:142)
    sRole (src/Language/Haskell/Exts/Annotated/Simplify.hs:149)
    sModuleName (src/Language/Haskell/Exts/Annotated/Simplify.hs:157)
    sSpecialCon (src/Language/Haskell/Exts/Annotated/Simplify.hs:160)
    sQName (src/Language/Haskell/Exts/Annotated/Simplify.hs:169)
    sName (src/Language/Haskell/Exts/Annotated/Simplify.hs:175)
    sIPName (src/Language/Haskell/Exts/Annotated/Simplify.hs:179)
    sQOp (src/Language/Haskell/Exts/Annotated/Simplify.hs:183)
    sOp (src/Language/Haskell/Exts/Annotated/Simplify.hs:187)
    sCName (src/Language/Haskell/Exts/Annotated/Simplify.hs:191)
    sModuleHead (src/Language/Haskell/Exts/Annotated/Simplify.hs:195)
    sExportSpecList (src/Language/Haskell/Exts/Annotated/Simplify.hs:200)
    sExportSpec (src/Language/Haskell/Exts/Annotated/Simplify.hs:203)
    sImportDecl (src/Language/Haskell/Exts/Annotated/Simplify.hs:211)
    sImportSpecList (src/Language/Haskell/Exts/Annotated/Simplify.hs:215)
    sNamespace (src/Language/Haskell/Exts/Annotated/Simplify.hs:218)
    sImportSpec (src/Language/Haskell/Exts/Annotated/Simplify.hs:224)
    sAssoc (src/Language/Haskell/Exts/Annotated/Simplify.hs:231)
    sDeclHead (src/Language/Haskell/Exts/Annotated/Simplify.hs:237)
    sInstRule (src/Language/Haskell/Exts/Annotated/Simplify.hs:246)
    sInstHead (src/Language/Haskell/Exts/Annotated/Simplify.hs:253)
    sDataOrNew (src/Language/Haskell/Exts/Annotated/Simplify.hs:262)
    sDeriving (src/Language/Haskell/Exts/Annotated/Simplify.hs:266)
    sBinds (src/Language/Haskell/Exts/Annotated/Simplify.hs:269)
    sIPBind (src/Language/Haskell/Exts/Annotated/Simplify.hs:274)
    sMatch (src/Language/Haskell/Exts/Annotated/Simplify.hs:277)
    sQualConDecl (src/Language/Haskell/Exts/Annotated/Simplify.hs:283)
    sConDecl (src/Language/Haskell/Exts/Annotated/Simplify.hs:287)
    sFieldDecl (src/Language/Haskell/Exts/Annotated/Simplify.hs:293)
    sGadtDecl (src/Language/Haskell/Exts/Annotated/Simplify.hs:296)
    sClassDecl (src/Language/Haskell/Exts/Annotated/Simplify.hs:299)
    sRecFields (src/Language/Haskell/Exts/Annotated/Simplify.hs:313)
    sInstDecl (src/Language/Haskell/Exts/Annotated/Simplify.hs:316)
    sBangType (src/Language/Haskell/Exts/Annotated/Simplify.hs:326)
    sRhs (src/Language/Haskell/Exts/Annotated/Simplify.hs:331)
    sGuardedRhs (src/Language/Haskell/Exts/Annotated/Simplify.hs:335)
    sType (src/Language/Haskell/Exts/Annotated/Simplify.hs:338)
    sPromoted (src/Language/Haskell/Exts/Annotated/Simplify.hs:357)
    sTyVarBind (src/Language/Haskell/Exts/Annotated/Simplify.hs:367)
    sKind (src/Language/Haskell/Exts/Annotated/Simplify.hs:371)
    sFunDep (src/Language/Haskell/Exts/Annotated/Simplify.hs:381)
    sContext (src/Language/Haskell/Exts/Annotated/Simplify.hs:384)
    sAsst (src/Language/Haskell/Exts/Annotated/Simplify.hs:390)
    sLiteral (src/Language/Haskell/Exts/Annotated/Simplify.hs:400)
    sSign (src/Language/Haskell/Exts/Annotated/Simplify.hs:413)
    sExp (src/Language/Haskell/Exts/Annotated/Simplify.hs:418)
    sXName (src/Language/Haskell/Exts/Annotated/Simplify.hs:475)
    sXAttr (src/Language/Haskell/Exts/Annotated/Simplify.hs:479)
    sBracket (src/Language/Haskell/Exts/Annotated/Simplify.hs:482)
    sSplice (src/Language/Haskell/Exts/Annotated/Simplify.hs:489)
    sSafety (src/Language/Haskell/Exts/Annotated/Simplify.hs:493)
    sCallConv (src/Language/Haskell/Exts/Annotated/Simplify.hs:498)
    sModulePragma (src/Language/Haskell/Exts/Annotated/Simplify.hs:508)
    sOverlap (src/Language/Haskell/Exts/Annotated/Simplify.hs:514)
    sActivation (src/Language/Haskell/Exts/Annotated/Simplify.hs:520)
    sRule (src/Language/Haskell/Exts/Annotated/Simplify.hs:525)
    sRuleVar (src/Language/Haskell/Exts/Annotated/Simplify.hs:529)
    sWarningText (src/Language/Haskell/Exts/Annotated/Simplify.hs:533)
    sPat (src/Lang
src/Language/Haskell/Exts/ParseUtils.hs:1137:1: warning: [-Wredundant-constraints]
    • Redundant constraint: Show l
    • In the type signature for:
           checkKind :: Show l => Kind l -> P ()
uage/Haskell/Exts/Annotated/Simplify.hs:537)
    sPXAttr (src/Language/Haskell/Exts/Annotated/Simplify.hs:562)
    sRPatOp (src/Language/Haskell/Exts/Annotated/Simplify.hs:565)
    sRPat (src/Language/Haskell/Exts/Annotated/Simplify.hs:574)
    sPatField (src/Language/Haskell/Exts/Annotated/Simplify.hs:585)
    sStmt (src/Language/Haskell/Exts/Annotated/Simplify.hs:591)
    sQualStmt (src/Language/Haskell/Exts/Annotated/Simplify.hs:598)
    sFieldUpdate (src/Language/Haskell/Exts/Annotated/Simplify.hs:607)
    sAlt (src/Language/Haskell/Exts/Annotated/Simplify.hs:613)
  94% ( 17 / 18) in 'Language.Haskell.Exts.Pretty'
  Missing documentation for:
    Indent (src/Language/Haskell/Exts/Pretty.hs:53)
   4% (  2 / 56) in 'Language.Haskell.Exts.ParseUtils'
  Missing documentation for:
    splitTyConApp (src/Language/Haskell/Exts/ParseUtils.hs:97)
    checkEnabled (src/Language/Haskell/Exts/ParseUtils.hs:112)
    checkEnabledOneOf (src/Language/Haskell/Exts/ParseUtils.hs:123)
    checkToplevel (src/Language/Haskell/Exts/ParseUtils.hs:142)
    checkPatternGuards (src/Language/Haskell/Exts/ParseUtils.hs:138)
    mkRecConstrOrUpdate (src/Language/Haskell/Exts/ParseUtils.hs:939)
    checkPrec (src/Language/Haskell/Exts/ParseUtils.hs:935)
    checkPContext (src/Language/Haskell/Exts/ParseUtils.hs:157)
    checkContext (src/Language/Haskell/Exts/ParseUtils.hs:251)
    checkAssertion (src/Language/Haskell/Exts/ParseUtils.hs:191)
    checkDataHeader (src/Language/Haskell/Exts/ParseUtils.hs:304)
    checkClassHeader (src/Language/Haskell/Exts/ParseUtils.hs:313)
    checkInstHeader (src/Language/Haskell/Exts/ParseUtils.hs:361)
    checkDeriving (src/Language/Haskell/Exts/ParseUtils.hs:390)
    checkPattern (src/Language/Haskell/Exts/ParseUtils.hs:399)
    checkExpr (src/Language/Haskell/Exts/ParseUtils.hs:636)
    checkType (src/Language/Haskell/Exts/ParseUtils.hs:1067)
    checkTyVar (src/Language/Haskell/Exts/ParseUtils.hs:1117)
    checkKind (src/Language/Haskell/Exts/ParseUtils.hs:1137)
    checkValDef (src/Language/Haskell/Exts/ParseUtils.hs:805)
    checkExplicitPatSyn (src/Language/Haskell/Exts/ParseUtils.hs:860)
    checkClassBody (src/Language/Haskell/Exts/ParseUtils.hs:876)
    checkInstBody (src/Language/Haskell/Exts/ParseUtils.hs:883)
    checkUnQual (src/Language/Haskell/Exts/ParseUtils.hs:908)
    checkQualOrUnQual (src/Language/Haskell/Exts/ParseUtils.hs:913)
    checkSingleDecl (src/Language/Haskell/Exts/ParseUtils.hs:955)
    checkRevDecls (src/Language/Haskell/Exts/ParseUtils.hs:964)
    checkRevClsDecls (src/Language/Haskell/Exts/ParseUtils.hs:989)
    checkRevInstDecls (src/Language/Haskell/Exts/ParseUtils.hs:1014)
    checkDataOrNew (src/Language/Haskell/Exts/ParseUtils.hs:1044)
    checkDataOrNewG (src/Language/Haskell/Exts/ParseUtils.hs:1052)
    checkSimpleType (src/Language/Haskell/Exts/ParseUtils.hs:1057)
    checkSigVar (src/Language/Haskell/Exts/ParseUtils.hs:856)
    checkDefSigDef (src/Language/Haskell/Exts/ParseUtils.hs:896)
    getGConName (src/Language/Haskell/Exts/ParseUtils.hs:797)
    mkTyForall (src/Language/Haskell/Exts/ParseUtils.hs:1180)
    mkRoleAnnotDecl (src/Language/Haskell/Exts/ParseUtils.hs:1188)
    checkRPattern (src/Language/Haskell/Exts/ParseUtils.hs:554)
    checkEqNames (src/Language/Haskell/Exts/ParseUtils.hs:920)
    checkPageModule (src/Language/Haskell/Exts/ParseUtils.hs:1149)
    checkHybridModule (src/Language/Haskell/Exts/ParseUtils.hs:1158)
    mkDVar (src/Language/Haskell/Exts/ParseUtils.hs:1172)
    checkRuleExpr (src/Language/Haskell/Exts/ParseUtils.hs:779)
    readTool (src/Language/Haskell/Exts/ParseUtils.hs:782)
    updateQNameLoc (src/Language/Haskell/Exts/ParseUtils.hs:944)
    PExp (src/Language/Haskell/Exts/ParseSyntax.hs:11)
    PFieldUpdate (src/Language/Haskell/Exts/ParseSyntax.hs:109)
    ParseXAttr (src/Language/Haskell/Exts/ParseSyntax.hs:115)
    PType (src/Language/Haskell/Exts/ParseSyntax.hs:290)
    PContext (src/Language/Haskell/Exts/ParseSyntax.hs:276)
    PAsst (src/Language/Haskell/Exts/ParseSyntax.hs:348)
    p_unit_con (src/Language/Haskell/Exts/ParseSyntax.hs:267)
    p_tuple_con (src/Language/Haskell/Exts/ParseSyntax.hs:270)
    p_unboxed_singleton_con (src/Language/Haskell/Exts/ParseSyntax.hs:273)
  75% (  9 / 12) in 'Language.Haskell.Exts.Annotated.Fixity'
  Missing documentation for:
    infix_ (src/Language/Haskell/Exts/Fixity.hs:168)
    infixl_ (src/Language/Haskell/Exts/Fixity.hs:168)
    infixr_ (src/Language/Haskell/Exts/Fixity.hs:168)
   8% (  1 / 12) in 'Language.Haskell.Exts.InternalParser'
  Missing documentation for:
    mparseModule (dist/build/Language/Haskell/Exts/InternalParser.hs:9195)
    mparseExp (dist/build/Language/Haskell/Exts/InternalParser.hs:9198)
    mparsePat (dist/build/Language/Haskell/Exts/InternalParser.hs:9201)
    mparseDecl (dist/build/Language/Haskell/Exts/InternalParser.hs:9244)
    mparseType (dist/build/Language/Haskell/Exts/InternalParser.hs:9207)
    mparseStmt (dist/build/Language/Haskell/Exts/InternalParser.hs:9210)
    mparseImportDecl (dist/build/Language/Haskell/Exts/InternalParser.hs:9213)
    ngparseModulePragmas (dist/build/Language/Haskell/Exts/InternalParser.hs:9216)
    ngparseModuleHeadAndImports (dist/build/Language/Haskell/Exts/InternalParser.hs:9219)
    ngparsePragmasAndModuleHead (dist/build/Language/Haskell/Exts/InternalParser.hs:9222)
    ngparsePragmasAndModuleName (dist/build/Language/Haskell/Exts/InternalParser.hs:9225)
  93% ( 38 / 41) in 'Language.Haskell.Exts.Annotated.Parser'
  Missing documentation for:
    unListOf (src/Language/Haskell/Exts/Annotated/Parser.hs:248)
    PragmasAndModuleHead (src/Language/Haskell/Exts/Annotated/Parser.hs:191)
    ModuleHeadAndImports (src/Language/Haskell/Exts/Annotated/Parser.hs:211)
 100% ( 43 / 43) in 'Language.Haskell.Exts.Parser'
  92% ( 23 / 25) in 'Language.Haskell.Exts.Annotated'
  Missing documentation for:
    parseFileWithComments (src/Language/Haskell/Exts/Annotated.hs:77)
    parseFileContentsWithComments (src/Language/Haskell/Exts/Annotated.hs:102)
 100% ( 23 / 23) in 'Language.Haskell.Exts'
Warning: Language.Haskell.Exts.Annotated.Syntax: could not find link destinations for:
    exactP EP pretty Doc prettyPrec parser P
Warning: Language.Haskell.Exts.SrcLoc: could not find link destinations for:
    pretty Doc prettyPrec parser P
Warning: Language.Haskell.Exts.Annotated.ExactPrint: could not find link destinations for:
    exactP EP
Warning: Language.Haskell.Exts.Syntax: could not find link destinations for:
    pretty Doc prettyPrec
Warning: Language.Haskell.Exts.Pretty: could not find link destinations for:
    pretty Doc prettyPrec
Warning: Language.Haskell.Exts.Annotated.Parser: could not find link destinations for:
    parser P
Warning: Language.Haskell.Exts.Parser: could not find link destinations for:
    parser P
Documentation created: dist/doc/html/haskell-src-exts/index.html
Creating package registration file:
/var/folders/cp/z1sxk2ts4sjbh8xd7ddmbfmm0000gn/T/pkgConf-haskell-src-exts-1.1714587779232007237709.1
Installing library in
/Users/Cypher/Library/Haskell/ghc-8.0.1-x86_64/lib/haskell-src-exts-1.17.1
Registering haskell-src-exts-1.17.1...
cabal: Leaving directory '/var/folders/cp/z1sxk2ts4sjbh8xd7ddmbfmm0000gn/T/cabal-tmp-14231/haskell-src-exts-1.17.1'
