cabal: Entering directory '/var/folders/cp/z1sxk2ts4sjbh8xd7ddmbfmm0000gn/T/cabal-tmp-3206/log-domain-0.10.3.1'
[1 of 1] Compiling Main             ( /var/folders/cp/z1sxk2ts4sjbh8xd7ddmbfmm0000gn/T/cabal-tmp-3206/log-domain-0.10.3.1/dist/setup/setup.hs, /var/folders/cp/z1sxk2ts4sjbh8xd7ddmbfmm0000gn/T/cabal-tmp-3206/log-domain-0.10.3.1/dist/setup/Main.o )
Linking /var/folders/cp/z1sxk2ts4sjbh8xd7ddmbfmm0000gn/T/cabal-tmp-3206/log-domain-0.10.3.1/dist/setup/setup ...
Configuring log-domain-0.10.3.1...
Building log-domain-0.10.3.1...
Preprocessing library log-domain-0.10.3.1...
[1 of 2] Compiling Numeric.Log      ( src/Numeric/Log.hs, dist/build/Numeric/Log.o )

src/Numeric/Log.hs:350:10: warning: [-Wredundant-constraints]
    • Redundant constraint: Eq a
    • In the instance declaration for ‘Fractional (Log a)’

src/Numeric/Log.hs:375:10: warning: [-Wredundant-constraints]
    • Redundant constraint: RealFloat a
    • In the instance declaration for ‘M.MVector U.MVector (Log a)’

src/Numeric/Log.hs:465:1: warning: [-Wredundant-constraints]
    • Redundant constraint: Ord a
    • In the type signature for:
           sum :: (RealFloat a, Ord a, Precise a, Foldable f) =>
                  f (Log a) -> Log a
[2 of 2] Compiling Numeric.Log.Signed ( src/Numeric/Log/Signed.hs, dist/build/Numeric/Log/Signed.o )

src/Numeric/Log/Signed.hs:87:10: warning: [-Wredundant-constraints]
    • Redundant constraint: Fractional a
    • In the instance declaration for ‘Read (SignedLog a)’
[1 of 2] Compiling Numeric.Log      ( src/Numeric/Log.hs, dist/build/Numeric/Log.p_o )

src/Numeric/Log.hs:350:10: warning: [-Wredundant-constraints]
    • Redundant constraint: Eq a
    • In the instance declaration for ‘Fractional (Log a)’

src/Numeric/Log.hs:375:10: warning: [-Wredundant-constraints]
    • Redundant constraint: RealFloat a
    • In the instance declaration for ‘M.MVector U.MVector (Log a)’

src/Numeric/Log.hs:465:1: warning: [-Wredundant-constraints]
    • Redundant constraint: Ord a
    • In the type signature for:
           sum :: (RealFloat a, Ord a, Precise a, Foldable f) =>
                  f (Log a) -> Log a
[2 of 2] Compiling Numeric.Log.Signed ( src/Numeric/Log/Signed.hs, dist/build/Numeric/Log/Signed.p_o )

src/Numeric/Log/Signed.hs:87:10: warning: [-Wredundant-constraints]
    • Redundant constraint: Fractional a
    • In the instance declaration for ‘Read (SignedLog a)’
Running Haddock for log-domain-0.10.3.1...
Preprocessing library log-domain-0.10.3.1...

src/Numeric/Log.hs:350:10: warning: [-Wredundant-constraints]
    • Redundant constraint: Eq a
    • In the instance declaration for ‘Fractional (Log a)’

src/Numeric/Log.hs:375:10: warning: [-Wredundant-constraints]
    • Redundant constraint: RealFloat a
    • In the instance declaration for ‘M.MVector U.MVector (Log a)’

src/Numeric/Log.hs:465:1: warning: [-Wredundant-constraints]
    • Redundant constraint: Ord a
    • In the type signature for:
           sum :: (RealFloat a, Ord a, Precise a, Foldable f) =>
                  f (Log a) -> Log a

src/Numeric/Log/Signed.hs:87:10: warning: [-Wredundant-constraints]
    • Redundant constraint: Fractional a
    • In the instance declaration for ‘Read (SignedLog a)’
Haddock coverage:
 100% (  4 /  4) in 'Numeric.Log'
 100% (  2 /  2) in 'Numeric.Log.Signed'
Warning: Numeric.Log: could not find link destinations for:
    D:R:MVectorsLog0 MV_Log D:R:VectorLog0 V_Log
Documentation created: dist/doc/html/log-domain/index.html
Creating package registration file:
/var/folders/cp/z1sxk2ts4sjbh8xd7ddmbfmm0000gn/T/pkgConf-log-domain-0.10.316406879291351995223.1
Installing library in
/Users/Cypher/Library/Haskell/ghc-8.0.1-x86_64/lib/log-domain-0.10.3.1
Registering log-domain-0.10.3.1...
cabal: Leaving directory '/var/folders/cp/z1sxk2ts4sjbh8xd7ddmbfmm0000gn/T/cabal-tmp-3206/log-domain-0.10.3.1'
