cabal: Entering directory '/var/folders/cp/z1sxk2ts4sjbh8xd7ddmbfmm0000gn/T/cabal-tmp-3213/math-functions-0.2.0.1'
Configuring math-functions-0.2.0.1...
Building math-functions-0.2.0.1...
Preprocessing library math-functions-0.2.0.1...
[ 1 of 10] Compiling Numeric.Sum      ( Numeric/Sum.hs, dist/build/Numeric/Sum.o )

Numeric/Sum.hs:59:1: warning: [-Wunused-imports]
    The import of ‘Data.Vector.Generic.Mutable’ is redundant
      except perhaps to import instances from ‘Data.Vector.Generic.Mutable’
    To import instances alone, use: import Data.Vector.Generic.Mutable()
[ 2 of 10] Compiling Numeric.Polynomial.Chebyshev ( Numeric/Polynomial/Chebyshev.hs, dist/build/Numeric/Polynomial/Chebyshev.o )
[ 3 of 10] Compiling Numeric.Polynomial ( Numeric/Polynomial.hs, dist/build/Numeric/Polynomial.o )
[ 4 of 10] Compiling Numeric.MathFunctions.Comparison ( Numeric/MathFunctions/Comparison.hs, dist/build/Numeric/MathFunctions/Comparison.o )
[ 5 of 10] Compiling Numeric.RootFinding ( Numeric/RootFinding.hs, dist/build/Numeric/RootFinding.o )
[ 6 of 10] Compiling Numeric.MathFunctions.Constants ( Numeric/MathFunctions/Constants.hs, dist/build/Numeric/MathFunctions/Constants.o )
[ 7 of 10] Compiling Numeric.Series   ( Numeric/Series.hs, dist/build/Numeric/Series.o )
[ 8 of 10] Compiling Numeric.SpecFunctions.Internal ( Numeric/SpecFunctions/Internal.hs, dist/build/Numeric/SpecFunctions/Internal.o )

Numeric/SpecFunctions/Internal.hs:14:1: warning: [-Wunused-imports]
    The import of ‘Control.Applicative’ is redundant
      except perhaps to import instances from ‘Control.Applicative’
    To import instances alone, use: import Control.Applicative()
[ 9 of 10] Compiling Numeric.SpecFunctions ( Numeric/SpecFunctions.hs, dist/build/Numeric/SpecFunctions.o )
[10 of 10] Compiling Numeric.SpecFunctions.Extra ( Numeric/SpecFunctions/Extra.hs, dist/build/Numeric/SpecFunctions/Extra.o )
[ 1 of 10] Compiling Numeric.Sum      ( Numeric/Sum.hs, dist/build/Numeric/Sum.p_o )

Numeric/Sum.hs:59:1: warning: [-Wunused-imports]
    The import of ‘Data.Vector.Generic.Mutable’ is redundant
      except perhaps to import instances from ‘Data.Vector.Generic.Mutable’
    To import instances alone, use: import Data.Vector.Generic.Mutable()
[ 2 of 10] Compiling Numeric.Polynomial.Chebyshev ( Numeric/Polynomial/Chebyshev.hs, dist/build/Numeric/Polynomial/Chebyshev.p_o )
[ 3 of 10] Compiling Numeric.Polynomial ( Numeric/Polynomial.hs, dist/build/Numeric/Polynomial.p_o )
[ 4 of 10] Compiling Numeric.MathFunctions.Comparison ( Numeric/MathFunctions/Comparison.hs, dist/build/Numeric/MathFunctions/Comparison.p_o )
[ 5 of 10] Compiling Numeric.RootFinding ( Numeric/RootFinding.hs, dist/build/Numeric/RootFinding.p_o )
[ 6 of 10] Compiling Numeric.MathFunctions.Constants ( Numeric/MathFunctions/Constants.hs, dist/build/Numeric/MathFunctions/Constants.p_o )
[ 7 of 10] Compiling Numeric.Series   ( Numeric/Series.hs, dist/build/Numeric/Series.p_o )
[ 8 of 10] Compiling Numeric.SpecFunctions.Internal ( Numeric/SpecFunctions/Internal.hs, dist/build/Numeric/SpecFunctions/Internal.p_o )

Numeric/SpecFunctions/Internal.hs:14:1: warning: [-Wunused-imports]
    The import of ‘Control.Applicative’ is redundant
      except perhaps to import instances from ‘Control.Applicative’
    To import instances alone, use: import Control.Applicative()
[ 9 of 10] Compiling Numeric.SpecFunctions ( Numeric/SpecFunctions.hs, dist/build/Numeric/SpecFunctions.p_o )
[10 of 10] Compiling Numeric.SpecFunctions.Extra ( Numeric/SpecFunctions/Extra.hs, dist/build/Numeric/SpecFunctions/Extra.p_o )
Running Haddock for math-functions-0.2.0.1...
Preprocessing library math-functions-0.2.0.1...

Numeric/Sum.hs:59:1: warning: [-Wunused-imports]
    The import of ‘Data.Vector.Generic.Mutable’ is redundant
      except perhaps to import instances from ‘Data.Vector.Generic.Mutable’
    To import instances alone, use: import Data.Vector.Generic.Mutable()

Numeric/SpecFunctions/Internal.hs:14:1: warning: [-Wunused-imports]
    The import of ‘Control.Applicative’ is redundant
      except perhaps to import instances from ‘Control.Applicative’
    To import instances alone, use: import Control.Applicative()
Haddock coverage:
 100% ( 20 / 20) in 'Numeric.Sum'
 100% (  7 /  7) in 'Numeric.Polynomial.Chebyshev'
Cannot find documentation for: $list
  67% (  6 /  9) in 'Numeric.Polynomial'
  Missing documentation for:
    evaluatePolynomialL (Numeric/Polynomial.hs:76)
    evaluateEvenPolynomialL (Numeric/Polynomial.hs:80)
    evaluateOddPolynomialL (Numeric/Polynomial.hs:84)
 100% (  9 /  9) in 'Numeric.MathFunctions.Comparison'
 100% (  7 /  7) in 'Numeric.RootFinding'
 100% ( 18 / 18) in 'Numeric.MathFunctions.Constants'
 100% ( 13 / 13) in 'Numeric.Series'
  69% ( 27 / 39) in 'Numeric.SpecFunctions.Internal'
  Missing documentation for:
    c_erf (Numeric/SpecFunctions/Internal.hs:74)
    c_erfc (Numeric/SpecFunctions/Internal.hs:75)
    L (Numeric/SpecFunctions/Internal.hs:111)
    incompleteBetaApprox (Numeric/SpecFunctions/Internal.hs:416)
    incompleteBetaWorker (Numeric/SpecFunctions/Internal.hs:440)
    invIncompleteBetaWorker (Numeric/SpecFunctions/Internal.hs:496)
    invIncBetaGuess (Numeric/SpecFunctions/Internal.hs:539)
    c_expm1 (Numeric/SpecFunctions/Internal.hs:776)
    coefW (Numeric/SpecFunctions/Internal.hs:973)
    coefY (Numeric/SpecFunctions/Internal.hs:973)
    trigamma1 (Numeric/SpecFunctions/Internal.hs:991)
    modErr (Numeric/SpecFunctions/Internal.hs:994)
 100% ( 34 / 34) in 'Numeric.SpecFunctions'
 100% (  6 /  6) in 'Numeric.SpecFunctions.Extra'
Warning: Numeric.Sum: could not find link destinations for:
    D:R:VectorKBNSum0 V_KBNSum D:R:MVectorsKBNSum0 MV_KBNSum D:R:VectorKB2Sum0 V_KB2Sum D:R:MVectorsKB2Sum0 MV_KB2Sum D:R:VectorKahanSum0 V_KahanSum D:R:MVectorsKahanSum0 MV_KahanSum
Documentation created: dist/doc/html/math-functions/index.html
Creating package registration file:
/var/folders/cp/z1sxk2ts4sjbh8xd7ddmbfmm0000gn/T/pkgConf-math-functions-0.2.0994977995140002776.1
Installing library in
/Users/Cypher/Library/Haskell/ghc-8.0.1-x86_64/lib/math-functions-0.2.0.1
Registering math-functions-0.2.0.1...
cabal: Leaving directory '/var/folders/cp/z1sxk2ts4sjbh8xd7ddmbfmm0000gn/T/cabal-tmp-3213/math-functions-0.2.0.1'
