cabal: Entering directory '/var/folders/cp/z1sxk2ts4sjbh8xd7ddmbfmm0000gn/T/cabal-tmp-3211/mwc-random-0.13.4.0'
Configuring mwc-random-0.13.4.0...
Building mwc-random-0.13.4.0...
Preprocessing library mwc-random-0.13.4.0...
[1 of 3] Compiling System.Random.MWC ( System/Random/MWC.hs, dist/build/System/Random/MWC.o )

System/Random/MWC.hs:619:1: warning: [-Wredundant-constraints]
    • Redundant constraint: Bounded a
    • In the type signature for:
           uniformRange :: (PrimMonad m, Integral a, Bounded a, Variate a,
                            Integral (Unsigned a), Bounded (Unsigned a),
                            Variate (Unsigned a)) =>
                           (a, a) -> Gen (PrimState m) -> m a
[2 of 3] Compiling System.Random.MWC.Distributions ( System/Random/MWC/Distributions.hs, dist/build/System/Random/MWC/Distributions.o )
[3 of 3] Compiling System.Random.MWC.CondensedTable ( System/Random/MWC/CondensedTable.hs, dist/build/System/Random/MWC/CondensedTable.o )
[1 of 3] Compiling System.Random.MWC ( System/Random/MWC.hs, dist/build/System/Random/MWC.p_o )

System/Random/MWC.hs:619:1: warning: [-Wredundant-constraints]
    • Redundant constraint: Bounded a
    • In the type signature for:
           uniformRange :: (PrimMonad m, Integral a, Bounded a, Variate a,
                            Integral (Unsigned a), Bounded (Unsigned a),
                            Variate (Unsigned a)) =>
                           (a, a) -> Gen (PrimState m) -> m a
[2 of 3] Compiling System.Random.MWC.Distributions ( System/Random/MWC/Distributions.hs, dist/build/System/Random/MWC/Distributions.p_o )
[3 of 3] Compiling System.Random.MWC.CondensedTable ( System/Random/MWC/CondensedTable.hs, dist/build/System/Random/MWC/CondensedTable.p_o )
Running Haddock for mwc-random-0.13.4.0...
Preprocessing library mwc-random-0.13.4.0...

System/Random/MWC.hs:619:1: warning: [-Wredundant-constraints]
    • Redundant constraint: Bounded a
    • In the type signature for:
           uniformRange :: (PrimMonad m, Integral a, Bounded a, Variate a,
                            Integral (Unsigned a), Bounded (Unsigned a),
                            Variate (Unsigned a)) =>
                           (a, a) -> Gen (PrimState m) -> m a
Haddock coverage:
 100% ( 24 / 24) in 'System.Random.MWC'
 100% ( 23 / 23) in 'System.Random.MWC.Distributions'
 100% ( 15 / 15) in 'System.Random.MWC.CondensedTable'
Documentation created: dist/doc/html/mwc-random/index.html
Creating package registration file:
/var/folders/cp/z1sxk2ts4sjbh8xd7ddmbfmm0000gn/T/pkgConf-mwc-random-0.13.41623161625992663534.0
Installing library in
/Users/Cypher/Library/Haskell/ghc-8.0.1-x86_64/lib/mwc-random-0.13.4.0
Registering mwc-random-0.13.4.0...
cabal: Leaving directory '/var/folders/cp/z1sxk2ts4sjbh8xd7ddmbfmm0000gn/T/cabal-tmp-3211/mwc-random-0.13.4.0'
