cabal: Entering directory '/var/folders/cp/z1sxk2ts4sjbh8xd7ddmbfmm0000gn/T/cabal-tmp-3212/old-locale-1.0.0.7'
Configuring old-locale-1.0.0.7...
Building old-locale-1.0.0.7...
Preprocessing library old-locale-1.0.0.7...
[1 of 1] Compiling System.Locale    ( System/Locale.hs, dist/build/System/Locale.o )
[1 of 1] Compiling System.Locale    ( System/Locale.hs, dist/build/System/Locale.p_o )
Running Haddock for old-locale-1.0.0.7...
Preprocessing library old-locale-1.0.0.7...
Haddock coverage:
  60% (  3 /  5) in 'System.Locale'
  Missing documentation for:
    TimeLocale (System/Locale.hs:36)
    defaultTimeLocale (System/Locale.hs:49)
Documentation created: dist/doc/html/old-locale/index.html
Creating package registration file:
/var/folders/cp/z1sxk2ts4sjbh8xd7ddmbfmm0000gn/T/pkgConf-old-locale-1.0.0500782188657821123.7
Installing library in
/Users/Cypher/Library/Haskell/ghc-8.0.1-x86_64/lib/old-locale-1.0.0.7
Registering old-locale-1.0.0.7...
cabal: Leaving directory '/var/folders/cp/z1sxk2ts4sjbh8xd7ddmbfmm0000gn/T/cabal-tmp-3212/old-locale-1.0.0.7'
