cabal: Entering directory '/var/folders/cp/z1sxk2ts4sjbh8xd7ddmbfmm0000gn/T/cabal-tmp-3206/random-extras-0.19'
Configuring random-extras-0.19...
Building random-extras-0.19...
Preprocessing library random-extras-0.19...
[1 of 5] Compiling Data.Random.Show.Unsafe ( Data/Random/Show/Unsafe.hs, dist/build/Data/Random/Show/Unsafe.o )

Data/Random/Show/Unsafe.hs:23:1: warning: [-Worphans]
    Orphan instance: instance Show a => Show (RVar a)
    To avoid this
        move the instance declaration to the module of the class or of the type, or
        wrap the type with a newtype and declare the instance on the new type.
[2 of 5] Compiling Data.Random.Extras ( Data/Random/Extras.hs, dist/build/Data/Random/Extras.o )
[3 of 5] Compiling Data.Random.Dovetail ( Data/Random/Dovetail.hs, dist/build/Data/Random/Dovetail.o )
[4 of 5] Compiling Data.Random.Distribution.Uniform.Exclusive ( Data/Random/Distribution/Uniform/Exclusive.hs, dist/build/Data/Random/Distribution/Uniform/Exclusive.o )

Data/Random/Distribution/Uniform/Exclusive.hs:69:10: warning: [-Wredundant-constraints]
    • Redundant constraint: HasResolution r
    • In the instance declaration for ‘Excludable (Fixed r)’
[5 of 5] Compiling Data.Random.Shuffle.Weighted ( Data/Random/Shuffle/Weighted.hs, dist/build/Data/Random/Shuffle/Weighted.o )
[1 of 5] Compiling Data.Random.Show.Unsafe ( Data/Random/Show/Unsafe.hs, dist/build/Data/Random/Show/Unsafe.p_o )

Data/Random/Show/Unsafe.hs:23:1: warning: [-Worphans]
    Orphan instance: instance Show a => Show (RVar a)
    To avoid this
        move the instance declaration to the module of the class or of the type, or
        wrap the type with a newtype and declare the instance on the new type.
[2 of 5] Compiling Data.Random.Extras ( Data/Random/Extras.hs, dist/build/Data/Random/Extras.p_o )
[3 of 5] Compiling Data.Random.Dovetail ( Data/Random/Dovetail.hs, dist/build/Data/Random/Dovetail.p_o )
[4 of 5] Compiling Data.Random.Distribution.Uniform.Exclusive ( Data/Random/Distribution/Uniform/Exclusive.hs, dist/build/Data/Random/Distribution/Uniform/Exclusive.p_o )

Data/Random/Distribution/Uniform/Exclusive.hs:69:10: warning: [-Wredundant-constraints]
    • Redundant constraint: HasResolution r
    • In the instance declaration for ‘Excludable (Fixed r)’
[5 of 5] Compiling Data.Random.Shuffle.Weighted ( Data/Random/Shuffle/Weighted.hs, dist/build/Data/Random/Shuffle/Weighted.p_o )
Running Haddock for random-extras-0.19...
Preprocessing library random-extras-0.19...

Data/Random/Show/Unsafe.hs:23:1: warning: [-Worphans]
    Orphan instance: instance Show a => Show (RVar a)
    To avoid this
        move the instance declaration to the module of the class or of the type, or
        wrap the type with a newtype and declare the instance on the new type.

Data/Random/Distribution/Uniform/Exclusive.hs:69:10: warning: [-Wredundant-constraints]
    • Redundant constraint: HasResolution r
    • In the instance declaration for ‘Excludable (Fixed r)’
Haddock coverage:
 100% (  1 /  1) in 'Data.Random.Show.Unsafe'
 100% ( 21 / 21) in 'Data.Random.Extras'
 100% ( 21 / 21) in 'Data.Random.Dovetail'
 100% (  4 /  4) in 'Data.Random.Distribution.Uniform.Exclusive'
 100% ( 11 / 11) in 'Data.Random.Shuffle.Weighted'
Documentation created: dist/doc/html/random-extras/index.html
Creating package registration file:
/var/folders/cp/z1sxk2ts4sjbh8xd7ddmbfmm0000gn/T/pkgConf-random-extras-041654197624301412.19
Installing library in
/Users/Cypher/Library/Haskell/ghc-8.0.1-x86_64/lib/random-extras-0.19
Registering random-extras-0.19...
cabal: Leaving directory '/var/folders/cp/z1sxk2ts4sjbh8xd7ddmbfmm0000gn/T/cabal-tmp-3206/random-extras-0.19'
