cabal: Entering directory '/var/folders/cp/z1sxk2ts4sjbh8xd7ddmbfmm0000gn/T/cabal-tmp-3213/semigroups-0.18.2'
Configuring semigroups-0.18.2...
Building semigroups-0.18.2...
Preprocessing library semigroups-0.18.2...
[1 of 1] Compiling Data.Semigroup.Generic ( src/Data/Semigroup/Generic.hs, dist/build/Data/Semigroup/Generic.o )
[1 of 1] Compiling Data.Semigroup.Generic ( src/Data/Semigroup/Generic.hs, dist/build/Data/Semigroup/Generic.p_o )
Running Haddock for semigroups-0.18.2...
Preprocessing library semigroups-0.18.2...
Haddock coverage:
  60% (  3 /  5) in 'Data.Semigroup.Generic'
  Missing documentation for:
    GSemigroup (src/Data/Semigroup/Generic.hs:39)
    GMonoid (src/Data/Semigroup/Generic.hs:69)
Warning: Data.Semigroup.Generic: could not find link destinations for:
    gmappend' gmempty'
Documentation created: dist/doc/html/semigroups/index.html
Creating package registration file:
/var/folders/cp/z1sxk2ts4sjbh8xd7ddmbfmm0000gn/T/pkgConf-semigroups-0.18578354438892053144.2
Installing library in
/Users/Cypher/Library/Haskell/ghc-8.0.1-x86_64/lib/semigroups-0.18.2
Registering semigroups-0.18.2...
cabal: Leaving directory '/var/folders/cp/z1sxk2ts4sjbh8xd7ddmbfmm0000gn/T/cabal-tmp-3213/semigroups-0.18.2'
