cabal: Entering directory '/var/folders/cp/z1sxk2ts4sjbh8xd7ddmbfmm0000gn/T/cabal-tmp-3214/stateref-0.3'
Configuring stateref-0.3...
Building stateref-0.3...
Preprocessing library stateref-0.3...
[ 1 of 10] Compiling Data.MRef.Types  ( src/Data/MRef/Types.hs, dist/build/Data/MRef/Types.o )
[ 2 of 10] Compiling Data.StateRef.Types ( src/Data/StateRef/Types.hs, dist/build/Data/StateRef/Types.o )
[ 3 of 10] Compiling Data.StateRef.Instances.STM ( src/Data/StateRef/Instances/STM.hs, dist/build/Data/StateRef/Instances/STM.o )
[ 4 of 10] Compiling Data.StateRef.Instances.Undecidable ( src/Data/StateRef/Instances/Undecidable.hs, dist/build/Data/StateRef/Instances/Undecidable.o )
[ 5 of 10] Compiling Data.StateRef.Instances ( src/Data/StateRef/Instances.hs, dist/build/Data/StateRef/Instances.o )
[ 6 of 10] Compiling Data.Accessor    ( src/Data/Accessor.hs, dist/build/Data/Accessor.o )
[ 7 of 10] Compiling Data.StateRef    ( src/Data/StateRef.hs, dist/build/Data/StateRef.o )
[ 8 of 10] Compiling Data.MRef.Instances.STM ( src/Data/MRef/Instances/STM.hs, dist/build/Data/MRef/Instances/STM.o )
[ 9 of 10] Compiling Data.MRef.Instances ( src/Data/MRef/Instances.hs, dist/build/Data/MRef/Instances.o )
[10 of 10] Compiling Data.MRef        ( src/Data/MRef.hs, dist/build/Data/MRef.o )
[ 1 of 10] Compiling Data.MRef.Types  ( src/Data/MRef/Types.hs, dist/build/Data/MRef/Types.p_o )
[ 2 of 10] Compiling Data.StateRef.Types ( src/Data/StateRef/Types.hs, dist/build/Data/StateRef/Types.p_o )
[ 3 of 10] Compiling Data.StateRef.Instances.STM ( src/Data/StateRef/Instances/STM.hs, dist/build/Data/StateRef/Instances/STM.p_o )
[ 4 of 10] Compiling Data.StateRef.Instances.Undecidable ( src/Data/StateRef/Instances/Undecidable.hs, dist/build/Data/StateRef/Instances/Undecidable.p_o )
[ 5 of 10] Compiling Data.StateRef.Instances ( src/Data/StateRef/Instances.hs, dist/build/Data/StateRef/Instances.p_o )
[ 6 of 10] Compiling Data.Accessor    ( src/Data/Accessor.hs, dist/build/Data/Accessor.p_o )
[ 7 of 10] Compiling Data.StateRef    ( src/Data/StateRef.hs, dist/build/Data/StateRef.p_o )
[ 8 of 10] Compiling Data.MRef.Instances.STM ( src/Data/MRef/Instances/STM.hs, dist/build/Data/MRef/Instances/STM.p_o )
[ 9 of 10] Compiling Data.MRef.Instances ( src/Data/MRef/Instances.hs, dist/build/Data/MRef/Instances.p_o )
[10 of 10] Compiling Data.MRef        ( src/Data/MRef.hs, dist/build/Data/MRef.p_o )
Running Haddock for stateref-0.3...
Preprocessing library stateref-0.3...
Haddock coverage:
  17% (  1 /  6) in 'Data.MRef.Types'
  Missing documentation for:
    MRef (src/Data/MRef/Types.hs:26)
    HasMRef (src/Data/MRef/Types.hs:29)
    NewMRef (src/Data/MRef/Types.hs:33)
    TakeMRef (src/Data/MRef/Types.hs:38)
    PutMRef (src/Data/MRef/Types.hs:41)
  33% (  3 /  9) in 'Data.StateRef.Types'
  Missing documentation for:
    Module header
    WriteRef (src/Data/StateRef/Types.hs:17)
    ReadRef (src/Data/StateRef/Types.hs:21)
    ModifyRef (src/Data/StateRef/Types.hs:25)
    NewRef (src/Data/StateRef/Types.hs:52)
    HasRef (src/Data/StateRef/Types.hs:56)
 100% (  5 /  5) in 'Data.StateRef.Instances.STM'
  20% (  1 /  5) in 'Data.StateRef.Instances.Undecidable'
  Missing documentation for:
    Module header
     (src/Data/StateRef/Instances/Undecidable.hs:16)
     (src/Data/StateRef/Instances/Undecidable.hs:18)
     (src/Data/StateRef/Instances/Undecidable.hs:20)
  81% ( 13 / 16) in 'Data.StateRef.Instances'
  Missing documentation for:
     (src/Data/StateRef/Instances/Undecidable.hs:16)
     (src/Data/StateRef/Instances/Undecidable.hs:18)
     (src/Data/StateRef/Instances/Undecidable.hs:20)
   0% (  0 /  8) in 'Data.Accessor'
  Missing documentation for:
    Module header
    Getter (src/Data/Accessor.hs:11)
    Setter (src/Data/Accessor.hs:12)
    Accessor (src/Data/Accessor.hs:13)
     (src/Data/Accessor.hs:15)
     (src/Data/Accessor.hs:18)
     (src/Data/Accessor.hs:21)
     (src/Data/Accessor.hs:23)
 100% ( 11 / 11) in 'Data.StateRef'
 100% (  5 /  5) in 'Data.MRef.Instances.STM'
 100% (  7 /  7) in 'Data.MRef.Instances'
  80% (  4 /  5) in 'Data.MRef'
  Missing documentation for:
    Module header
Documentation created: dist/doc/html/stateref/index.html
Creating package registration file:
/var/folders/cp/z1sxk2ts4sjbh8xd7ddmbfmm0000gn/T/pkgConf-stateref-03301111371227619358.3
Installing library in
/Users/Cypher/Library/Haskell/ghc-8.0.1-x86_64/lib/stateref-0.3
Registering stateref-0.3...
cabal: Leaving directory '/var/folders/cp/z1sxk2ts4sjbh8xd7ddmbfmm0000gn/T/cabal-tmp-3214/stateref-0.3'
