cabal: Entering directory '/var/folders/cp/z1sxk2ts4sjbh8xd7ddmbfmm0000gn/T/cabal-tmp-3215/tagged-0.8.4'
Configuring tagged-0.8.4...
Building tagged-0.8.4...
Preprocessing library tagged-0.8.4...
[1 of 2] Compiling Data.Proxy.TH    ( src/Data/Proxy/TH.hs, dist/build/Data/Proxy/TH.o )
[2 of 2] Compiling Data.Tagged      ( src/Data/Tagged.hs, dist/build/Data/Tagged.o )
[1 of 2] Compiling Data.Proxy.TH    ( src/Data/Proxy/TH.hs, dist/build/Data/Proxy/TH.p_o )
[2 of 2] Compiling Data.Tagged      ( src/Data/Tagged.hs, dist/build/Data/Tagged.p_o )
Running Haddock for tagged-0.8.4...
Preprocessing library tagged-0.8.4...
Haddock coverage:
  67% (  2 /  3) in 'Data.Proxy.TH'
  Missing documentation for:
    Module header
  93% ( 14 / 15) in 'Data.Tagged'
  Missing documentation for:
    witness (src/Data/Tagged.hs:383)
Warning: Data.Tagged: could not find link destinations for:
    unsafeIndex unsafeRangeSize
Documentation created: dist/doc/html/tagged/index.html
Creating package registration file:
/var/folders/cp/z1sxk2ts4sjbh8xd7ddmbfmm0000gn/T/pkgConf-tagged-0.811909597451912844175.4
Installing library in
/Users/Cypher/Library/Haskell/ghc-8.0.1-x86_64/lib/tagged-0.8.4
Registering tagged-0.8.4...
cabal: Leaving directory '/var/folders/cp/z1sxk2ts4sjbh8xd7ddmbfmm0000gn/T/cabal-tmp-3215/tagged-0.8.4'
