cabal: Entering directory '/var/folders/cp/z1sxk2ts4sjbh8xd7ddmbfmm0000gn/T/cabal-tmp-3216/th-extras-0.0.0.4'
Configuring th-extras-0.0.0.4...
Building th-extras-0.0.0.4...
Preprocessing library th-extras-0.0.0.4...
[1 of 1] Compiling Language.Haskell.TH.Extras ( src/Language/Haskell/TH/Extras.hs, dist/build/Language/Haskell/TH/Extras.o )
[1 of 1] Compiling Language.Haskell.TH.Extras ( src/Language/Haskell/TH/Extras.hs, dist/build/Language/Haskell/TH/Extras.p_o )
Running Haddock for th-extras-0.0.0.4...
Preprocessing library th-extras-0.0.0.4...
Haddock coverage:
   7% (  1 / 14) in 'Language.Haskell.TH.Extras'
  Missing documentation for:
    Module header
    intIs64 (src/Language/Haskell/TH/Extras.hs:10)
    replace (src/Language/Haskell/TH/Extras.hs:13)
    composeExprs (src/Language/Haskell/TH/Extras.hs:16)
    nameOfCon (src/Language/Haskell/TH/Extras.hs:21)
    nameOfBinder (src/Language/Haskell/TH/Extras.hs:42)
    varsBoundInCon (src/Language/Haskell/TH/Extras.hs:51)
    namesBoundInPat (src/Language/Haskell/TH/Extras.hs:55)
    namesBoundInDec (src/Language/Haskell/TH/Extras.hs:81)
    genericalizeName (src/Language/Haskell/TH/Extras.hs:108)
    genericalizeDecs (src/Language/Haskell/TH/Extras.hs:115)
    headOfType (src/Language/Haskell/TH/Extras.hs:124)
    occursInType (src/Language/Haskell/TH/Extras.hs:141)
Documentation created: dist/doc/html/th-extras/index.html
Creating package registration file:
/var/folders/cp/z1sxk2ts4sjbh8xd7ddmbfmm0000gn/T/pkgConf-th-extras-0.0.0172315317770982397.4
Installing library in
/Users/Cypher/Library/Haskell/ghc-8.0.1-x86_64/lib/th-extras-0.0.0.4
Registering th-extras-0.0.0.4...
cabal: Leaving directory '/var/folders/cp/z1sxk2ts4sjbh8xd7ddmbfmm0000gn/T/cabal-tmp-3216/th-extras-0.0.0.4'
