cabal: Entering directory '/var/folders/cp/z1sxk2ts4sjbh8xd7ddmbfmm0000gn/T/cabal-tmp-3207/void-0.7.1'
Configuring void-0.7.1...
Building void-0.7.1...
Preprocessing library void-0.7.1...
[1 of 1] Compiling Data.Void.Unsafe ( src/Data/Void/Unsafe.hs, dist/build/Data/Void/Unsafe.o )

src/Data/Void/Unsafe.hs:31:1: warning: [-Wredundant-constraints]
    • Redundant constraint: Functor f
    • In the type signature for:
           unsafeVacuous :: Functor f => f Void -> f a

src/Data/Void/Unsafe.hs:42:1: warning: [-Wredundant-constraints]
    • Redundant constraint: Monad m
    • In the type signature for:
           unsafeVacuousM :: Monad m => m Void -> m a
[1 of 1] Compiling Data.Void.Unsafe ( src/Data/Void/Unsafe.hs, dist/build/Data/Void/Unsafe.p_o )

src/Data/Void/Unsafe.hs:31:1: warning: [-Wredundant-constraints]
    • Redundant constraint: Functor f
    • In the type signature for:
           unsafeVacuous :: Functor f => f Void -> f a

src/Data/Void/Unsafe.hs:42:1: warning: [-Wredundant-constraints]
    • Redundant constraint: Monad m
    • In the type signature for:
           unsafeVacuousM :: Monad m => m Void -> m a
Running Haddock for void-0.7.1...
Preprocessing library void-0.7.1...

src/Data/Void/Unsafe.hs:31:1: warning: [-Wredundant-constraints]
    • Redundant constraint: Functor f
    • In the type signature for:
           unsafeVacuous :: Functor f => f Void -> f a

src/Data/Void/Unsafe.hs:42:1: warning: [-Wredundant-constraints]
    • Redundant constraint: Monad m
    • In the type signature for:
           unsafeVacuousM :: Monad m => m Void -> m a
Haddock coverage:
 100% (  3 /  3) in 'Data.Void.Unsafe'
Documentation created: dist/doc/html/void/index.html
Creating package registration file:
/var/folders/cp/z1sxk2ts4sjbh8xd7ddmbfmm0000gn/T/pkgConf-void-0.71073185695316824712.1
Installing library in
/Users/Cypher/Library/Haskell/ghc-8.0.1-x86_64/lib/void-0.7.1
Registering void-0.7.1...
cabal: Leaving directory '/var/folders/cp/z1sxk2ts4sjbh8xd7ddmbfmm0000gn/T/cabal-tmp-3207/void-0.7.1'
